#
# There is insufficient memory for the Java Runtime Environment to continue.
# Native memory allocation (malloc) failed to allocate 2064 bytes for AllocateHeap
# Possible reasons:
#   The system is out of physical RAM or swap space
#   The process is running with CompressedOops enabled, and the Java Heap may be blocking the growth of the native heap
# Possible solutions:
#   Reduce memory load on the system
#   Increase physical memory or swap space
#   Check if swap backing store is full
#   Decrease Java heap size (-Xmx/-Xms)
#   Decrease number of Java threads
#   Decrease Java thread stack sizes (-Xss)
#   Set larger code cache with -XX:ReservedCodeCacheSize=
#   JVM is running with Zero Based Compressed Oops mode in which the Java heap is
#     placed in the first 32GB address space. The Java Heap base address is the
#     maximum limit for the native heap growth. Please use -XX:HeapBaseMinAddress
#     to set the Java Heap base and to place the Java Heap above 32GB virtual address.
# This output file may be truncated or incomplete.
#
#  Out of Memory Error (t:/workspace/open/src/hotspot/share/memory/allocation.cpp:46), pid=7484, tid=21272
#
# JRE version: Java(TM) SE Runtime Environment (11.0.6+8) (build 11.0.6+8-LTS)
# Java VM: Java HotSpot(TM) 64-Bit Server VM (11.0.6+8-LTS, mixed mode, tiered, compressed oops, g1 gc, windows-amd64)
# No core dump will be written. Minidumps are not enabled by default on client versions of Windows
#

---------------  S U M M A R Y ------------

Command Line: -agentlib:jdwp=transport=dt_socket,address=127.0.0.1:59778,suspend=y,server=n -XX:TieredStopAtLevel=1 -Xverify:none -Dspring.profiles.active=dev_home -Dspring.output.ansi.enabled=always -Dcom.sun.management.jmxremote -Dspring.jmx.enabled=true -Dspring.liveBeansView.mbeanDomain -Dspring.application.admin.enabled=true -javaagent:C:\Users\litch\AppData\Local\JetBrains\Toolbox\apps\IDEA-U\ch-0\201.6668.121\plugins\java\lib\rt\debugger-agent.jar -Dfile.encoding=UTF-8 com.esiran.greenpay.GreenPayAdminApplication

Host: Intel(R) Core(TM) i5-2380P CPU @ 3.10GHz, 4 cores, 11G,  Windows 10 , 64 bit Build 18362 (10.0.18362.778)
Time: Tue Jun  2 01:27:58 2020 ?D1¨²¡À¨º¡Á?¨º¡À?? elapsed time: 3 seconds (0d 0h 0m 3s)

---------------  T H R E A D  ---------------

Current thread (0x0000016837325800):  GCTaskThread "GC Thread#1" [stack: 0x00000037cc000000,0x00000037cc100000] [id=21272]

Stack: [0x00000037cc000000,0x00000037cc100000]
[error occurred during error reporting (printing stack bounds), id 0xc0000005, EXCEPTION_ACCESS_VIOLATION (0xc0000005) at pc=0x000001681db10bad]

Native frames: (J=compiled Java code, j=interpreted, Vv=VM code, C=native code)
V  [jvm.dll+0x63679a]
V  [jvm.dll+0x7755bf]
V  [jvm.dll+0x776c65]
V  [jvm.dll+0x777235]
V  [jvm.dll+0x7771eb]
V  [jvm.dll+0x635e96]
V  [jvm.dll+0x636268]
C  [ntdll.dll+0xa11cf]
C  [ntdll.dll+0x6a209]
C  [ntdll.dll+0x9fe3e]
C  0x000001681db10bad


---------------  P R O C E S S  ---------------

Threads class SMR info:
_java_thread_list=0x0000016838132e10, length=14, elements={
0x00000168157ac000, 0x0000016836a3f800, 0x0000016836a49800, 0x0000016836ab5000,
0x0000016836ab7000, 0x0000016836ab8800, 0x0000016836abc800, 0x00000168361d3000,
0x0000016836d16000, 0x0000016836d2e000, 0x0000016836d31000, 0x0000016837422800,
0x00000168375e8800, 0x000001683813e800
}

Java Threads: ( => current thread )
  0x00000168157ac000 JavaThread "main" [_thread_blocked, id=7360, stack(0x00000037caf00000,0x00000037cb000000)]
  0x0000016836a3f800 JavaThread "Reference Handler" daemon [_thread_blocked, id=16080, stack(0x00000037cb600000,0x00000037cb700000)]
  0x0000016836a49800 JavaThread "Finalizer" daemon [_thread_blocked, id=22688, stack(0x00000037cb700000,0x00000037cb800000)]
  0x0000016836ab5000 JavaThread "Signal Dispatcher" daemon [_thread_blocked, id=9400, stack(0x00000037cb800000,0x00000037cb900000)]
  0x0000016836ab7000 JavaThread "Attach Listener" daemon [_thread_blocked, id=26692, stack(0x00000037cb900000,0x00000037cba00000)]
  0x0000016836ab8800 JavaThread "C1 CompilerThread0" daemon [_thread_blocked, id=2196, stack(0x00000037cba00000,0x00000037cbb00000)]
  0x0000016836abc800 JavaThread "Sweeper thread" daemon [_thread_blocked, id=11740, stack(0x00000037cbb00000,0x00000037cbc00000)]
  0x00000168361d3000 JavaThread "Common-Cleaner" daemon [_thread_blocked, id=17768, stack(0x00000037cbc00000,0x00000037cbd00000)]
  0x0000016836d16000 JavaThread "JDWP Transport Listener: dt_socket" daemon [_thread_blocked, id=21220, stack(0x00000037cbd00000,0x00000037cbe00000)]
  0x0000016836d2e000 JavaThread "JDWP Event Helper Thread" daemon [_thread_blocked, id=27096, stack(0x00000037cbe00000,0x00000037cbf00000)]
  0x0000016836d31000 JavaThread "JDWP Command Reader" daemon [_thread_in_native, id=8860, stack(0x00000037cbf00000,0x00000037cc000000)]
  0x0000016837422800 JavaThread "Service Thread" daemon [_thread_blocked, id=25760, stack(0x00000037cc300000,0x00000037cc400000)]
  0x00000168375e8800 JavaThread "RMI TCP Accept-0" daemon [_thread_in_native, id=23744, stack(0x00000037cc400000,0x00000037cc500000)]
  0x000001683813e800 JavaThread "background-preinit" [_thread_blocked, id=11504, stack(0x00000037cc600000,0x00000037cc700000)]

Other Threads:
  0x0000016836a19000 VMThread "VM Thread" [stack: 0x00000037cb500000,0x00000037cb600000] [id=20148]
  0x0000016837336800 WatcherThread [stack: 0x00000037cc500000,0x00000037cc600000] [id=27304]
  0x00000168157c4000 GCTaskThread "GC Thread#0" [stack: 0x00000037cb000000,0x00000037cb100000] [id=23708]
=>0x0000016837325800 GCTaskThread "GC Thread#1" [stack: 0x00000037cc000000,0x00000037cc100000] [id=21272]
  0x0000016837326000 GCTaskThread "GC Thread#2" [stack: 0x00000037cc100000,0x00000037cc200000] [id=23976]
  0x0000016837327000 GCTaskThread "GC Thread#3" [stack: 0x00000037cc200000,0x00000037cc300000] [id=12988]
  0x0000016815809800 ConcurrentGCThread "G1 Main Marker" [stack: 0x00000037cb100000,0x00000037cb200000] [id=26688]
  0x000001681580b000 ConcurrentGCThread "G1 Conc#0" [stack: 0x00000037cb200000,0x00000037cb300000] [id=24640]
  0x000001683607f800 ConcurrentGCThread "G1 Refine#0" [stack: 0x00000037cb300000,0x00000037cb400000] [id=27632]
  0x0000016836080800 ConcurrentGCThread "G1 Young RemSet Sampling" [stack: 0x00000037cb400000,0x00000037cb500000] [id=14780]

Threads with active compile tasks:

VM state:at safepoint (normal execution)

VM Mutex/Monitor currently owned by a thread:  ([mutex/lock_event])
[0x00000168157aa0a0] Threads_lock - owner thread: 0x0000016836a19000
[0x00000168157aad90] Heap_lock - owner thread: 0x000001683813e800

Heap address: 0x0000000740a00000, size: 3062 MB, Compressed Oops mode: Zero based, Oop shift amount: 3
Narrow klass base: 0x0000000800000000, Narrow klass shift: 0
Compressed class space size: 1073741824 Address: 0x0000000800000000

Heap:
 garbage-first heap   total 196608K, used 29648K [0x0000000740a00000, 0x0000000800000000)
  region size 1024K, 22 young (22528K), 3 survivors (3072K)
 Metaspace       used 15310K, capacity 15780K, committed 15872K, reserved 1062912K
  class space    used 1636K, capacity 1777K, committed 1792K, reserved 1048576K
Heap Regions: E=young(eden), S=young(survivor), O=old, HS=humongous(starts), HC=humongous(continues), CS=collection set, F=free, A=archive, TAMS=top-at-mark-start (previous, next)
|   0|0x0000000740a00000, 0x0000000740b00000, 0x0000000740b00000|100%|HS|  |TAMS 0x0000000740a00000, 0x0000000740b00000| Complete 
|   1|0x0000000740b00000, 0x0000000740c00000, 0x0000000740c00000|100%|HC|  |TAMS 0x0000000740b00000, 0x0000000740c00000| Complete 
|   2|0x0000000740c00000, 0x0000000740d00000, 0x0000000740d00000|100%| O|  |TAMS 0x0000000740c00000, 0x0000000740d00000| Untracked 
|   3|0x0000000740d00000, 0x0000000740e00000, 0x0000000740e00000|100%| O|  |TAMS 0x0000000740d00000, 0x0000000740e00000| Untracked 
|   4|0x0000000740e00000, 0x0000000740f00000, 0x0000000740f00000|100%| O|  |TAMS 0x0000000740e00000, 0x0000000740f00000| Untracked 
|   5|0x0000000740f00000, 0x0000000741000000, 0x0000000741000000|100%| O|  |TAMS 0x0000000740f00000, 0x0000000741000000| Untracked 
|   6|0x0000000741000000, 0x0000000741100000, 0x0000000741100000|100%| O|  |TAMS 0x0000000741000000, 0x0000000741100000| Untracked 
|   7|0x0000000741100000, 0x0000000741200000, 0x0000000741200000|100%| O|  |TAMS 0x0000000741100000, 0x0000000741200000| Untracked 
|   8|0x0000000741200000, 0x0000000741300000, 0x0000000741300000|100%| O|  |TAMS 0x0000000741200000, 0x0000000741300000| Untracked 
|   9|0x0000000741300000, 0x0000000741355600, 0x0000000741400000| 33%| O|  |TAMS 0x0000000741300000, 0x0000000741400000| Untracked 
|  10|0x0000000741400000, 0x0000000741400000, 0x0000000741500000|  0%| F|  |TAMS 0x0000000741400000, 0x0000000741400000| Untracked 
|  11|0x0000000741500000, 0x0000000741500000, 0x0000000741600000|  0%| F|  |TAMS 0x0000000741500000, 0x0000000741500000| Untracked 
|  12|0x0000000741600000, 0x0000000741600000, 0x0000000741700000|  0%| F|  |TAMS 0x0000000741600000, 0x0000000741600000| Untracked 
|  13|0x0000000741700000, 0x0000000741700000, 0x0000000741800000|  0%| F|  |TAMS 0x0000000741700000, 0x0000000741700000| Untracked 
|  14|0x0000000741800000, 0x0000000741800000, 0x0000000741900000|  0%| F|  |TAMS 0x0000000741800000, 0x0000000741800000| Untracked 
|  15|0x0000000741900000, 0x0000000741900000, 0x0000000741a00000|  0%| F|  |TAMS 0x0000000741900000, 0x0000000741900000| Untracked 
|  16|0x0000000741a00000, 0x0000000741a00000, 0x0000000741b00000|  0%| F|  |TAMS 0x0000000741a00000, 0x0000000741a00000| Untracked 
|  17|0x0000000741b00000, 0x0000000741b00000, 0x0000000741c00000|  0%| F|  |TAMS 0x0000000741b00000, 0x0000000741b00000| Untracked 
|  18|0x0000000741c00000, 0x0000000741c00000, 0x0000000741d00000|  0%| F|  |TAMS 0x0000000741c00000, 0x0000000741c00000| Untracked 
|  19|0x0000000741d00000, 0x0000000741d00000, 0x0000000741e00000|  0%| F|  |TAMS 0x0000000741d00000, 0x0000000741d00000| Untracked 
|  20|0x0000000741e00000, 0x0000000741e00000, 0x0000000741f00000|  0%| F|  |TAMS 0x0000000741e00000, 0x0000000741e00000| Untracked 
|  21|0x0000000741f00000, 0x0000000741f00000, 0x0000000742000000|  0%| F|  |TAMS 0x0000000741f00000, 0x0000000741f00000| Untracked 
|  22|0x0000000742000000, 0x0000000742000000, 0x0000000742100000|  0%| F|  |TAMS 0x0000000742000000, 0x0000000742000000| Untracked 
|  23|0x0000000742100000, 0x0000000742100000, 0x0000000742200000|  0%| F|  |TAMS 0x0000000742100000, 0x0000000742100000| Untracked 
|  24|0x0000000742200000, 0x0000000742200000, 0x0000000742300000|  0%| F|  |TAMS 0x0000000742200000, 0x0000000742200000| Untracked 
|  25|0x0000000742300000, 0x0000000742300000, 0x0000000742400000|  0%| F|  |TAMS 0x0000000742300000, 0x0000000742300000| Untracked 
|  26|0x0000000742400000, 0x0000000742400000, 0x0000000742500000|  0%| F|  |TAMS 0x0000000742400000, 0x0000000742400000| Untracked 
|  27|0x0000000742500000, 0x0000000742500000, 0x0000000742600000|  0%| F|  |TAMS 0x0000000742500000, 0x0000000742500000| Untracked 
|  28|0x0000000742600000, 0x0000000742600000, 0x0000000742700000|  0%| F|  |TAMS 0x0000000742600000, 0x0000000742600000| Untracked 
|  29|0x0000000742700000, 0x0000000742700000, 0x0000000742800000|  0%| F|  |TAMS 0x0000000742700000, 0x0000000742700000| Untracked 
|  30|0x0000000742800000, 0x0000000742800000, 0x0000000742900000|  0%| F|  |TAMS 0x0000000742800000, 0x0000000742800000| Untracked 
|  31|0x0000000742900000, 0x0000000742900000, 0x0000000742a00000|  0%| F|  |TAMS 0x0000000742900000, 0x0000000742900000| Untracked 
|  32|0x0000000742a00000, 0x0000000742a00000, 0x0000000742b00000|  0%| F|  |TAMS 0x0000000742a00000, 0x0000000742a00000| Untracked 
|  33|0x0000000742b00000, 0x0000000742b00000, 0x0000000742c00000|  0%| F|  |TAMS 0x0000000742b00000, 0x0000000742b00000| Untracked 
|  34|0x0000000742c00000, 0x0000000742c00000, 0x0000000742d00000|  0%| F|  |TAMS 0x0000000742c00000, 0x0000000742c00000| Untracked 
|  35|0x0000000742d00000, 0x0000000742d00000, 0x0000000742e00000|  0%| F|  |TAMS 0x0000000742d00000, 0x0000000742d00000| Untracked 
|  36|0x0000000742e00000, 0x0000000742e00000, 0x0000000742f00000|  0%| F|  |TAMS 0x0000000742e00000, 0x0000000742e00000| Untracked 
|  37|0x0000000742f00000, 0x0000000742f00000, 0x0000000743000000|  0%| F|  |TAMS 0x0000000742f00000, 0x0000000742f00000| Untracked 
|  38|0x0000000743000000, 0x0000000743000000, 0x0000000743100000|  0%| F|  |TAMS 0x0000000743000000, 0x0000000743000000| Untracked 
|  39|0x0000000743100000, 0x0000000743100000, 0x0000000743200000|  0%| F|  |TAMS 0x0000000743100000, 0x0000000743100000| Untracked 
|  40|0x0000000743200000, 0x0000000743200000, 0x0000000743300000|  0%| F|  |TAMS 0x0000000743200000, 0x0000000743200000| Untracked 
|  41|0x0000000743300000, 0x0000000743300000, 0x0000000743400000|  0%| F|  |TAMS 0x0000000743300000, 0x0000000743300000| Untracked 
|  42|0x0000000743400000, 0x0000000743400000, 0x0000000743500000|  0%| F|  |TAMS 0x0000000743400000, 0x0000000743400000| Untracked 
|  43|0x0000000743500000, 0x0000000743500000, 0x0000000743600000|  0%| F|  |TAMS 0x0000000743500000, 0x0000000743500000| Untracked 
|  44|0x0000000743600000, 0x0000000743600000, 0x0000000743700000|  0%| F|  |TAMS 0x0000000743600000, 0x0000000743600000| Untracked 
|  45|0x0000000743700000, 0x0000000743700000, 0x0000000743800000|  0%| F|  |TAMS 0x0000000743700000, 0x0000000743700000| Untracked 
|  46|0x0000000743800000, 0x0000000743800000, 0x0000000743900000|  0%| F|  |TAMS 0x0000000743800000, 0x0000000743800000| Untracked 
|  47|0x0000000743900000, 0x0000000743900000, 0x0000000743a00000|  0%| F|  |TAMS 0x0000000743900000, 0x0000000743900000| Untracked 
|  48|0x0000000743a00000, 0x0000000743a00000, 0x0000000743b00000|  0%| F|  |TAMS 0x0000000743a00000, 0x0000000743a00000| Untracked 
|  49|0x0000000743b00000, 0x0000000743b00000, 0x0000000743c00000|  0%| F|  |TAMS 0x0000000743b00000, 0x0000000743b00000| Untracked 
|  50|0x0000000743c00000, 0x0000000743c00000, 0x0000000743d00000|  0%| F|  |TAMS 0x0000000743c00000, 0x0000000743c00000| Untracked 
|  51|0x0000000743d00000, 0x0000000743d00000, 0x0000000743e00000|  0%| F|  |TAMS 0x0000000743d00000, 0x0000000743d00000| Untracked 
|  52|0x0000000743e00000, 0x0000000743e00000, 0x0000000743f00000|  0%| F|  |TAMS 0x0000000743e00000, 0x0000000743e00000| Untracked 
|  53|0x0000000743f00000, 0x0000000743f00000, 0x0000000744000000|  0%| F|  |TAMS 0x0000000743f00000, 0x0000000743f00000| Untracked 
|  54|0x0000000744000000, 0x0000000744000000, 0x0000000744100000|  0%| F|  |TAMS 0x0000000744000000, 0x0000000744000000| Untracked 
|  55|0x0000000744100000, 0x0000000744100000, 0x0000000744200000|  0%| F|  |TAMS 0x0000000744100000, 0x0000000744100000| Untracked 
|  56|0x0000000744200000, 0x0000000744200000, 0x0000000744300000|  0%| F|  |TAMS 0x0000000744200000, 0x0000000744200000| Untracked 
|  57|0x0000000744300000, 0x0000000744300000, 0x0000000744400000|  0%| F|  |TAMS 0x0000000744300000, 0x0000000744300000| Untracked 
|  58|0x0000000744400000, 0x0000000744400000, 0x0000000744500000|  0%| F|  |TAMS 0x0000000744400000, 0x0000000744400000| Untracked 
|  59|0x0000000744500000, 0x0000000744500000, 0x0000000744600000|  0%| F|  |TAMS 0x0000000744500000, 0x0000000744500000| Untracked 
|  60|0x0000000744600000, 0x0000000744600000, 0x0000000744700000|  0%| F|  |TAMS 0x0000000744600000, 0x0000000744600000| Untracked 
|  61|0x0000000744700000, 0x0000000744700000, 0x0000000744800000|  0%| F|  |TAMS 0x0000000744700000, 0x0000000744700000| Untracked 
|  62|0x0000000744800000, 0x0000000744800000, 0x0000000744900000|  0%| F|  |TAMS 0x0000000744800000, 0x0000000744800000| Untracked 
|  63|0x0000000744900000, 0x0000000744900000, 0x0000000744a00000|  0%| F|  |TAMS 0x0000000744900000, 0x0000000744900000| Untracked 
|  64|0x0000000744a00000, 0x0000000744a00000, 0x0000000744b00000|  0%| F|  |TAMS 0x0000000744a00000, 0x0000000744a00000| Untracked 
|  65|0x0000000744b00000, 0x0000000744b00000, 0x0000000744c00000|  0%| F|  |TAMS 0x0000000744b00000, 0x0000000744b00000| Untracked 
|  66|0x0000000744c00000, 0x0000000744c00000, 0x0000000744d00000|  0%| F|  |TAMS 0x0000000744c00000, 0x0000000744c00000| Untracked 
|  67|0x0000000744d00000, 0x0000000744d00000, 0x0000000744e00000|  0%| F|  |TAMS 0x0000000744d00000, 0x0000000744d00000| Untracked 
|  68|0x0000000744e00000, 0x0000000744e00000, 0x0000000744f00000|  0%| F|  |TAMS 0x0000000744e00000, 0x0000000744e00000| Untracked 
|  69|0x0000000744f00000, 0x0000000744f00000, 0x0000000745000000|  0%| F|  |TAMS 0x0000000744f00000, 0x0000000744f00000| Untracked 
|  70|0x0000000745000000, 0x0000000745000000, 0x0000000745100000|  0%| F|  |TAMS 0x0000000745000000, 0x0000000745000000| Untracked 
|  71|0x0000000745100000, 0x0000000745100000, 0x0000000745200000|  0%| F|  |TAMS 0x0000000745100000, 0x0000000745100000| Untracked 
|  72|0x0000000745200000, 0x0000000745200000, 0x0000000745300000|  0%| F|  |TAMS 0x0000000745200000, 0x0000000745200000| Untracked 
|  73|0x0000000745300000, 0x0000000745300000, 0x0000000745400000|  0%| F|  |TAMS 0x0000000745300000, 0x0000000745300000| Untracked 
|  74|0x0000000745400000, 0x0000000745400000, 0x0000000745500000|  0%| F|  |TAMS 0x0000000745400000, 0x0000000745400000| Untracked 
|  75|0x0000000745500000, 0x0000000745500000, 0x0000000745600000|  0%| F|  |TAMS 0x0000000745500000, 0x0000000745500000| Untracked 
|  76|0x0000000745600000, 0x0000000745600000, 0x0000000745700000|  0%| F|  |TAMS 0x0000000745600000, 0x0000000745600000| Untracked 
|  77|0x0000000745700000, 0x0000000745700000, 0x0000000745800000|  0%| F|  |TAMS 0x0000000745700000, 0x0000000745700000| Untracked 
|  78|0x0000000745800000, 0x0000000745800000, 0x0000000745900000|  0%| F|  |TAMS 0x0000000745800000, 0x0000000745800000| Untracked 
|  79|0x0000000745900000, 0x0000000745900000, 0x0000000745a00000|  0%| F|  |TAMS 0x0000000745900000, 0x0000000745900000| Untracked 
|  80|0x0000000745a00000, 0x0000000745a00000, 0x0000000745b00000|  0%| F|  |TAMS 0x0000000745a00000, 0x0000000745a00000| Untracked 
|  81|0x0000000745b00000, 0x0000000745b00000, 0x0000000745c00000|  0%| F|  |TAMS 0x0000000745b00000, 0x0000000745b00000| Untracked 
|  82|0x0000000745c00000, 0x0000000745c00000, 0x0000000745d00000|  0%| F|  |TAMS 0x0000000745c00000, 0x0000000745c00000| Untracked 
|  83|0x0000000745d00000, 0x0000000745d00000, 0x0000000745e00000|  0%| F|  |TAMS 0x0000000745d00000, 0x0000000745d00000| Untracked 
|  84|0x0000000745e00000, 0x0000000745e00000, 0x0000000745f00000|  0%| F|  |TAMS 0x0000000745e00000, 0x0000000745e00000| Untracked 
|  85|0x0000000745f00000, 0x0000000745f00000, 0x0000000746000000|  0%| F|  |TAMS 0x0000000745f00000, 0x0000000745f00000| Untracked 
|  86|0x0000000746000000, 0x0000000746000000, 0x0000000746100000|  0%| F|  |TAMS 0x0000000746000000, 0x0000000746000000| Untracked 
|  87|0x0000000746100000, 0x0000000746100000, 0x0000000746200000|  0%| F|  |TAMS 0x0000000746100000, 0x0000000746100000| Untracked 
|  88|0x0000000746200000, 0x0000000746200000, 0x0000000746300000|  0%| F|  |TAMS 0x0000000746200000, 0x0000000746200000| Untracked 
|  89|0x0000000746300000, 0x0000000746300000, 0x0000000746400000|  0%| F|  |TAMS 0x0000000746300000, 0x0000000746300000| Untracked 
|  90|0x0000000746400000, 0x0000000746400000, 0x0000000746500000|  0%| F|  |TAMS 0x0000000746400000, 0x0000000746400000| Untracked 
|  91|0x0000000746500000, 0x0000000746500000, 0x0000000746600000|  0%| F|  |TAMS 0x0000000746500000, 0x0000000746500000| Untracked 
|  92|0x0000000746600000, 0x0000000746600000, 0x0000000746700000|  0%| F|  |TAMS 0x0000000746600000, 0x0000000746600000| Untracked 
|  93|0x0000000746700000, 0x0000000746700000, 0x0000000746800000|  0%| F|  |TAMS 0x0000000746700000, 0x0000000746700000| Untracked 
|  94|0x0000000746800000, 0x0000000746800000, 0x0000000746900000|  0%| F|  |TAMS 0x0000000746800000, 0x0000000746800000| Untracked 
|  95|0x0000000746900000, 0x0000000746900000, 0x0000000746a00000|  0%| F|  |TAMS 0x0000000746900000, 0x0000000746900000| Untracked 
|  96|0x0000000746a00000, 0x0000000746a00000, 0x0000000746b00000|  0%| F|  |TAMS 0x0000000746a00000, 0x0000000746a00000| Untracked 
|  97|0x0000000746b00000, 0x0000000746b00000, 0x0000000746c00000|  0%| F|  |TAMS 0x0000000746b00000, 0x0000000746b00000| Untracked 
|  98|0x0000000746c00000, 0x0000000746c00000, 0x0000000746d00000|  0%| F|  |TAMS 0x0000000746c00000, 0x0000000746c00000| Untracked 
|  99|0x0000000746d00000, 0x0000000746d00000, 0x0000000746e00000|  0%| F|  |TAMS 0x0000000746d00000, 0x0000000746d00000| Untracked 
| 100|0x0000000746e00000, 0x0000000746e00000, 0x0000000746f00000|  0%| F|  |TAMS 0x0000000746e00000, 0x0000000746e00000| Untracked 
| 101|0x0000000746f00000, 0x0000000746f00000, 0x0000000747000000|  0%| F|  |TAMS 0x0000000746f00000, 0x0000000746f00000| Untracked 
| 102|0x0000000747000000, 0x0000000747000000, 0x0000000747100000|  0%| F|  |TAMS 0x0000000747000000, 0x0000000747000000| Untracked 
| 103|0x0000000747100000, 0x0000000747100000, 0x0000000747200000|  0%| F|  |TAMS 0x0000000747100000, 0x0000000747100000| Untracked 
| 104|0x0000000747200000, 0x0000000747200000, 0x0000000747300000|  0%| F|  |TAMS 0x0000000747200000, 0x0000000747200000| Untracked 
| 105|0x0000000747300000, 0x0000000747300000, 0x0000000747400000|  0%| F|  |TAMS 0x0000000747300000, 0x0000000747300000| Untracked 
| 106|0x0000000747400000, 0x0000000747400000, 0x0000000747500000|  0%| F|  |TAMS 0x0000000747400000, 0x0000000747400000| Untracked 
| 107|0x0000000747500000, 0x0000000747500000, 0x0000000747600000|  0%| F|  |TAMS 0x0000000747500000, 0x0000000747500000| Untracked 
| 108|0x0000000747600000, 0x0000000747600000, 0x0000000747700000|  0%| F|  |TAMS 0x0000000747600000, 0x0000000747600000| Untracked 
| 109|0x0000000747700000, 0x0000000747700000, 0x0000000747800000|  0%| F|  |TAMS 0x0000000747700000, 0x0000000747700000| Untracked 
| 110|0x0000000747800000, 0x0000000747800000, 0x0000000747900000|  0%| F|  |TAMS 0x0000000747800000, 0x0000000747800000| Untracked 
| 111|0x0000000747900000, 0x0000000747900000, 0x0000000747a00000|  0%| F|  |TAMS 0x0000000747900000, 0x0000000747900000| Untracked 
| 112|0x0000000747a00000, 0x0000000747a00000, 0x0000000747b00000|  0%| F|  |TAMS 0x0000000747a00000, 0x0000000747a00000| Untracked 
| 113|0x0000000747b00000, 0x0000000747b00000, 0x0000000747c00000|  0%| F|  |TAMS 0x0000000747b00000, 0x0000000747b00000| Untracked 
| 114|0x0000000747c00000, 0x0000000747c00000, 0x0000000747d00000|  0%| F|  |TAMS 0x0000000747c00000, 0x0000000747c00000| Untracked 
| 115|0x0000000747d00000, 0x0000000747d00000, 0x0000000747e00000|  0%| F|  |TAMS 0x0000000747d00000, 0x0000000747d00000| Untracked 
| 116|0x0000000747e00000, 0x0000000747e00000, 0x0000000747f00000|  0%| F|  |TAMS 0x0000000747e00000, 0x0000000747e00000| Untracked 
| 117|0x0000000747f00000, 0x0000000747f00000, 0x0000000748000000|  0%| F|  |TAMS 0x0000000747f00000, 0x0000000747f00000| Untracked 
| 118|0x0000000748000000, 0x0000000748000000, 0x0000000748100000|  0%| F|  |TAMS 0x0000000748000000, 0x0000000748000000| Untracked 
| 119|0x0000000748100000, 0x0000000748100000, 0x0000000748200000|  0%| F|  |TAMS 0x0000000748100000, 0x0000000748100000| Untracked 
| 120|0x0000000748200000, 0x0000000748200000, 0x0000000748300000|  0%| F|  |TAMS 0x0000000748200000, 0x0000000748200000| Untracked 
| 121|0x0000000748300000, 0x0000000748300000, 0x0000000748400000|  0%| F|  |TAMS 0x0000000748300000, 0x0000000748300000| Untracked 
| 122|0x0000000748400000, 0x0000000748400000, 0x0000000748500000|  0%| F|  |TAMS 0x0000000748400000, 0x0000000748400000| Untracked 
| 123|0x0000000748500000, 0x0000000748500000, 0x0000000748600000|  0%| F|  |TAMS 0x0000000748500000, 0x0000000748500000| Untracked 
| 124|0x0000000748600000, 0x0000000748600000, 0x0000000748700000|  0%| F|  |TAMS 0x0000000748600000, 0x0000000748600000| Untracked 
| 125|0x0000000748700000, 0x0000000748700000, 0x0000000748800000|  0%| F|  |TAMS 0x0000000748700000, 0x0000000748700000| Untracked 
| 126|0x0000000748800000, 0x0000000748800000, 0x0000000748900000|  0%| F|  |TAMS 0x0000000748800000, 0x0000000748800000| Untracked 
| 127|0x0000000748900000, 0x0000000748900000, 0x0000000748a00000|  0%| F|  |TAMS 0x0000000748900000, 0x0000000748900000| Untracked 
| 128|0x0000000748a00000, 0x0000000748a00000, 0x0000000748b00000|  0%| F|  |TAMS 0x0000000748a00000, 0x0000000748a00000| Untracked 
| 129|0x0000000748b00000, 0x0000000748b00000, 0x0000000748c00000|  0%| F|  |TAMS 0x0000000748b00000, 0x0000000748b00000| Untracked 
| 130|0x0000000748c00000, 0x0000000748c00000, 0x0000000748d00000|  0%| F|  |TAMS 0x0000000748c00000, 0x0000000748c00000| Untracked 
| 131|0x0000000748d00000, 0x0000000748d00000, 0x0000000748e00000|  0%| F|  |TAMS 0x0000000748d00000, 0x0000000748d00000| Untracked 
| 132|0x0000000748e00000, 0x0000000748e00000, 0x0000000748f00000|  0%| F|  |TAMS 0x0000000748e00000, 0x0000000748e00000| Untracked 
| 133|0x0000000748f00000, 0x0000000748f00000, 0x0000000749000000|  0%| F|  |TAMS 0x0000000748f00000, 0x0000000748f00000| Untracked 
| 134|0x0000000749000000, 0x0000000749000000, 0x0000000749100000|  0%| F|  |TAMS 0x0000000749000000, 0x0000000749000000| Untracked 
| 135|0x0000000749100000, 0x0000000749100000, 0x0000000749200000|  0%| F|  |TAMS 0x0000000749100000, 0x0000000749100000| Untracked 
| 136|0x0000000749200000, 0x0000000749200000, 0x0000000749300000|  0%| F|  |TAMS 0x0000000749200000, 0x0000000749200000| Untracked 
| 137|0x0000000749300000, 0x0000000749300000, 0x0000000749400000|  0%| F|  |TAMS 0x0000000749300000, 0x0000000749300000| Untracked 
| 138|0x0000000749400000, 0x0000000749400000, 0x0000000749500000|  0%| F|  |TAMS 0x0000000749400000, 0x0000000749400000| Untracked 
| 139|0x0000000749500000, 0x0000000749500000, 0x0000000749600000|  0%| F|  |TAMS 0x0000000749500000, 0x0000000749500000| Untracked 
| 140|0x0000000749600000, 0x0000000749600000, 0x0000000749700000|  0%| F|  |TAMS 0x0000000749600000, 0x0000000749600000| Untracked 
| 141|0x0000000749700000, 0x0000000749700000, 0x0000000749800000|  0%| F|  |TAMS 0x0000000749700000, 0x0000000749700000| Untracked 
| 142|0x0000000749800000, 0x0000000749800000, 0x0000000749900000|  0%| F|  |TAMS 0x0000000749800000, 0x0000000749800000| Untracked 
| 143|0x0000000749900000, 0x0000000749900000, 0x0000000749a00000|  0%| F|  |TAMS 0x0000000749900000, 0x0000000749900000| Untracked 
| 144|0x0000000749a00000, 0x0000000749a00000, 0x0000000749b00000|  0%| F|  |TAMS 0x0000000749a00000, 0x0000000749a00000| Untracked 
| 145|0x0000000749b00000, 0x0000000749b00000, 0x0000000749c00000|  0%| F|  |TAMS 0x0000000749b00000, 0x0000000749b00000| Untracked 
| 146|0x0000000749c00000, 0x0000000749c00000, 0x0000000749d00000|  0%| F|  |TAMS 0x0000000749c00000, 0x0000000749c00000| Untracked 
| 147|0x0000000749d00000, 0x0000000749d00000, 0x0000000749e00000|  0%| F|  |TAMS 0x0000000749d00000, 0x0000000749d00000| Untracked 
| 148|0x0000000749e00000, 0x0000000749e00000, 0x0000000749f00000|  0%| F|  |TAMS 0x0000000749e00000, 0x0000000749e00000| Untracked 
| 149|0x0000000749f00000, 0x0000000749f00000, 0x000000074a000000|  0%| F|  |TAMS 0x0000000749f00000, 0x0000000749f00000| Untracked 
| 150|0x000000074a000000, 0x000000074a000000, 0x000000074a100000|  0%| F|  |TAMS 0x000000074a000000, 0x000000074a000000| Untracked 
| 151|0x000000074a100000, 0x000000074a100000, 0x000000074a200000|  0%| F|  |TAMS 0x000000074a100000, 0x000000074a100000| Untracked 
| 152|0x000000074a200000, 0x000000074a200000, 0x000000074a300000|  0%| F|  |TAMS 0x000000074a200000, 0x000000074a200000| Untracked 
| 153|0x000000074a300000, 0x000000074a300000, 0x000000074a400000|  0%| F|  |TAMS 0x000000074a300000, 0x000000074a300000| Untracked 
| 154|0x000000074a400000, 0x000000074a400000, 0x000000074a500000|  0%| F|  |TAMS 0x000000074a400000, 0x000000074a400000| Untracked 
| 155|0x000000074a500000, 0x000000074a500000, 0x000000074a600000|  0%| F|  |TAMS 0x000000074a500000, 0x000000074a500000| Untracked 
| 156|0x000000074a600000, 0x000000074a600000, 0x000000074a700000|  0%| F|  |TAMS 0x000000074a600000, 0x000000074a600000| Untracked 
| 157|0x000000074a700000, 0x000000074a700000, 0x000000074a800000|  0%| F|  |TAMS 0x000000074a700000, 0x000000074a700000| Untracked 
| 158|0x000000074a800000, 0x000000074a800000, 0x000000074a900000|  0%| F|  |TAMS 0x000000074a800000, 0x000000074a800000| Untracked 
| 159|0x000000074a900000, 0x000000074a900000, 0x000000074aa00000|  0%| F|  |TAMS 0x000000074a900000, 0x000000074a900000| Untracked 
| 160|0x000000074aa00000, 0x000000074aa00000, 0x000000074ab00000|  0%| F|  |TAMS 0x000000074aa00000, 0x000000074aa00000| Untracked 
| 161|0x000000074ab00000, 0x000000074ab00000, 0x000000074ac00000|  0%| F|  |TAMS 0x000000074ab00000, 0x000000074ab00000| Untracked 
| 162|0x000000074ac00000, 0x000000074ac00000, 0x000000074ad00000|  0%| F|  |TAMS 0x000000074ac00000, 0x000000074ac00000| Untracked 
| 163|0x000000074ad00000, 0x000000074ad00000, 0x000000074ae00000|  0%| F|  |TAMS 0x000000074ad00000, 0x000000074ad00000| Untracked 
| 164|0x000000074ae00000, 0x000000074ae00000, 0x000000074af00000|  0%| F|  |TAMS 0x000000074ae00000, 0x000000074ae00000| Untracked 
| 165|0x000000074af00000, 0x000000074af00000, 0x000000074b000000|  0%| F|  |TAMS 0x000000074af00000, 0x000000074af00000| Untracked 
| 166|0x000000074b000000, 0x000000074b000000, 0x000000074b100000|  0%| F|  |TAMS 0x000000074b000000, 0x000000074b000000| Untracked 
| 167|0x000000074b100000, 0x000000074b100000, 0x000000074b200000|  0%| F|  |TAMS 0x000000074b100000, 0x000000074b100000| Untracked 
| 168|0x000000074b200000, 0x000000074b2f05d8, 0x000000074b300000| 93%| S|  |TAMS 0x000000074b200000, 0x000000074b200000| Complete 
| 169|0x000000074b300000, 0x000000074b400000, 0x000000074b400000|100%| S|  |TAMS 0x000000074b300000, 0x000000074b300000| Complete 
| 170|0x000000074b400000, 0x000000074b500000, 0x000000074b500000|100%| S|  |TAMS 0x000000074b400000, 0x000000074b400000| Complete 
| 171|0x000000074b500000, 0x000000074b54b9e8, 0x000000074b600000| 29%| E|CS|TAMS 0x000000074b500000, 0x000000074b54b9e8| Complete 
| 172|0x000000074b600000, 0x000000074b700000, 0x000000074b700000|100%| E|CS|TAMS 0x000000074b600000, 0x000000074b700000| Complete 
| 173|0x000000074b700000, 0x000000074b800000, 0x000000074b800000|100%| E|CS|TAMS 0x000000074b700000, 0x000000074b800000| Complete 
| 174|0x000000074b800000, 0x000000074b900000, 0x000000074b900000|100%| E|CS|TAMS 0x000000074b800000, 0x000000074b900000| Complete 
| 175|0x000000074b900000, 0x000000074ba00000, 0x000000074ba00000|100%| E|CS|TAMS 0x000000074b900000, 0x000000074ba00000| Complete 
| 176|0x000000074ba00000, 0x000000074bb00000, 0x000000074bb00000|100%| E|CS|TAMS 0x000000074ba00000, 0x000000074bb00000| Complete 
| 177|0x000000074bb00000, 0x000000074bc00000, 0x000000074bc00000|100%| E|CS|TAMS 0x000000074bb00000, 0x000000074bc00000| Complete 
| 178|0x000000074bc00000, 0x000000074bd00000, 0x000000074bd00000|100%| E|CS|TAMS 0x000000074bc00000, 0x000000074bd00000| Complete 
| 179|0x000000074bd00000, 0x000000074be00000, 0x000000074be00000|100%| E|CS|TAMS 0x000000074bd00000, 0x000000074be00000| Complete 
| 180|0x000000074be00000, 0x000000074bf00000, 0x000000074bf00000|100%| E|CS|TAMS 0x000000074be00000, 0x000000074bf00000| Complete 
| 181|0x000000074bf00000, 0x000000074bf531d8, 0x000000074c000000| 32%| E|CS|TAMS 0x000000074bf00000, 0x000000074bf531d8| Complete 
| 182|0x000000074c000000, 0x000000074c100000, 0x000000074c100000|100%| E|CS|TAMS 0x000000074c000000, 0x000000074c100000| Complete 
| 183|0x000000074c100000, 0x000000074c200000, 0x000000074c200000|100%| E|CS|TAMS 0x000000074c100000, 0x000000074c200000| Complete 
| 184|0x000000074c200000, 0x000000074c300000, 0x000000074c300000|100%| E|CS|TAMS 0x000000074c200000, 0x000000074c300000| Complete 
| 185|0x000000074c300000, 0x000000074c400000, 0x000000074c400000|100%| E|CS|TAMS 0x000000074c300000, 0x000000074c400000| Complete 
| 186|0x000000074c400000, 0x000000074c500000, 0x000000074c500000|100%| E|CS|TAMS 0x000000074c400000, 0x000000074c500000| Complete 
| 187|0x000000074c500000, 0x000000074c600000, 0x000000074c600000|100%| E|CS|TAMS 0x000000074c500000, 0x000000074c600000| Complete 
| 188|0x000000074c600000, 0x000000074c700000, 0x000000074c700000|100%| E|CS|TAMS 0x000000074c600000, 0x000000074c700000| Complete 
| 189|0x000000074c700000, 0x000000074c800000, 0x000000074c800000|100%| E|CS|TAMS 0x000000074c700000, 0x000000074c800000| Complete 
| 190|0x000000074c800000, 0x000000074c900000, 0x000000074c900000|100%| E|CS|TAMS 0x000000074c800000, 0x000000074c900000| Complete 
| 191|0x000000074c900000, 0x000000074ca00000, 0x000000074ca00000|100%| E|CS|TAMS 0x000000074c900000, 0x000000074ca00000| Complete 

Card table byte_map: [0x000001682d110000,0x000001682d710000] _byte_map_base: 0x000001682970b000

Marking Bits (Prev, Next): (CMBitMap*) 0x00000168157fcb48, (CMBitMap*) 0x00000168157fcb80
 Prev Bits: [0x000001682dd10000, 0x0000016830ce8000)
 Next Bits: [0x0000016830cf0000, 0x0000016833cc8000)

Polling page: 0x0000016813690000

Metaspace:

Usage:
  Non-class:     13.67 MB capacity,    13.35 MB ( 98%) used,   290.84 KB (  2%) free+waste,    38.38 KB ( <1%) overhead. 
      Class:      1.74 MB capacity,     1.60 MB ( 92%) used,   121.59 KB (  7%) free+waste,    18.69 KB (  1%) overhead. 
       Both:     15.41 MB capacity,    14.95 MB ( 97%) used,   412.43 KB (  3%) free+waste,    57.06 KB ( <1%) overhead. 

Virtual space:
  Non-class space:       14.00 MB reserved,      13.75 MB ( 98%) committed 
      Class space:        1.00 GB reserved,       1.75 MB ( <1%) committed 
             Both:        1.01 GB reserved,      15.50 MB (  1%) committed 

Chunk freelists:
   Non-Class:  1.63 KB
       Class:  1.88 KB
        Both:  3.50 KB

CodeHeap 'non-profiled nmethods': size=238912Kb used=2340Kb max_used=2340Kb free=236572Kb
 bounds [0x000001681e1c0000, 0x000001681e430000, 0x000001682cb10000]
CodeHeap 'non-nmethods': size=6848Kb used=1198Kb max_used=1198Kb free=5649Kb
 bounds [0x000001681db10000, 0x000001681dd80000, 0x000001681e1c0000]
 total_blobs=1881 nmethods=1447 adapters=352
 compilation: enabled
              stopped_count=0, restarted_count=0
 full_count=0

Compilation events (10 events):
Event: 3.462 Thread 0x0000016836ab8800 1443       1       java.util.Collections$1::hasNext (5 bytes)
Event: 3.463 Thread 0x0000016836ab8800 nmethod 1443 0x000001681e407c90 code [0x000001681e407e40, 0x000001681e407f58]
Event: 3.464 Thread 0x0000016836ab8800 1444       1       org.springframework.util.Assert::notNull (14 bytes)
Event: 3.464 Thread 0x0000016836ab8800 nmethod 1444 0x000001681e408010 code [0x000001681e4081e0, 0x000001681e408370]
Event: 3.466 Thread 0x0000016836ab8800 1445       1       java.lang.StringBuilder::<init> (18 bytes)
Event: 3.466 Thread 0x0000016836ab8800 nmethod 1445 0x000001681e408490 code [0x000001681e408660, 0x000001681e408800]
Event: 3.474 Thread 0x0000016836ab8800 1446       1       java.util.LinkedList::<init> (10 bytes)
Event: 3.475 Thread 0x0000016836ab8800 nmethod 1446 0x000001681e408910 code [0x000001681e408ac0, 0x000001681e408bd8]
Event: 3.475 Thread 0x0000016836ab8800 1447       1       java.util.AbstractSequentialList::<init> (5 bytes)
Event: 3.475 Thread 0x0000016836ab8800 nmethod 1447 0x000001681e408c90 code [0x000001681e408e40, 0x000001681e408f58]

GC Heap History (5 events):
Event: 0.825 GC heap before
{Heap before GC invocations=0 (full 0):
 garbage-first heap   total 196608K, used 15360K [0x0000000740a00000, 0x0000000800000000)
  region size 1024K, 14 young (14336K), 0 survivors (0K)
 Metaspace       used 5890K, capacity 5951K, committed 6272K, reserved 1056768K
  class space    used 517K, capacity 534K, committed 640K, reserved 1048576K
}
Event: 0.833 GC heap after
{Heap after GC invocations=1 (full 0):
 garbage-first heap   total 196608K, used 9587K [0x0000000740a00000, 0x0000000800000000)
  region size 1024K, 2 young (2048K), 2 survivors (2048K)
 Metaspace       used 5890K, capacity 5951K, committed 6272K, reserved 1056768K
  class space    used 517K, capacity 534K, committed 640K, reserved 1048576K
}
Event: 2.828 GC heap before
{Heap before GC invocations=1 (full 0):
 garbage-first heap   total 196608K, used 17779K [0x0000000740a00000, 0x0000000800000000)
  region size 1024K, 11 young (11264K), 2 survivors (2048K)
 Metaspace       used 11200K, capacity 11516K, committed 11776K, reserved 1060864K
  class space    used 1166K, capacity 1266K, committed 1280K, reserved 1048576K
}
Event: 2.831 GC heap after
{Heap after GC invocations=2 (full 0):
 garbage-first heap   total 196608K, used 10913K [0x0000000740a00000, 0x0000000800000000)
  region size 1024K, 2 young (2048K), 2 survivors (2048K)
 Metaspace       used 11200K, capacity 11516K, committed 11776K, reserved 1060864K
  class space    used 1166K, capacity 1266K, committed 1280K, reserved 1048576K
}
Event: 3.486 GC heap before
{Heap before GC invocations=2 (full 0):
 garbage-first heap   total 196608K, used 29345K [0x0000000740a00000, 0x0000000800000000)
  region size 1024K, 21 young (21504K), 2 survivors (2048K)
 Metaspace       used 15310K, capacity 15780K, committed 15872K, reserved 1062912K
  class space    used 1636K, capacity 1777K, committed 1792K, reserved 1048576K
}

Deoptimization events (0 events):
No events

Classes redefined (0 events):
No events

Internal exceptions (10 events):
Event: 3.095 Thread 0x00000168157ac000 Exception <a 'java/lang/NoSuchMethodError'{0x000000074be4bf70}: org.slf4j.impl.StaticMDCBinder.getSingleton()Lorg/slf4j/impl/StaticMDCBinder;> (0x000000074be4bf70) thrown at [t:/workspace/open/src/hotspot/share/interpreter/linkResolver.cpp, line 772]
Event: 3.191 Thread 0x00000168157ac000 Exception <a 'java/lang/NoSuchMethodError'{0x000000074bcda918}: java.lang.invoke.DirectMethodHandle$Holder.invokeStaticInit(Ljava/lang/Object;Ljava/lang/Object;Ljava/lang/Object;)I> (0x000000074bcda918) thrown at [t:/workspace/open/src/hotspot/share/inter
Event: 3.206 Thread 0x00000168157ac000 Exception <a 'java/lang/NoSuchMethodError'{0x000000074bb0fbc0}: java.lang.invoke.DirectMethodHandle$Holder.invokeVirtual(Ljava/lang/Object;Ljava/lang/Object;Ljava/lang/Object;)Ljava/lang/Object;> (0x000000074bb0fbc0) thrown at [t:/workspace/open/src/hotsp
Event: 3.249 Thread 0x00000168157ac000 Exception <a 'java/lang/NoSuchMethodError'{0x000000074bb60968}: java.lang.invoke.DirectMethodHandle$Holder.invokeSpecial(Ljava/lang/Object;Ljava/lang/Object;)V> (0x000000074bb60968) thrown at [t:/workspace/open/src/hotspot/share/interpreter/linkResolver.c
Event: 3.377 Thread 0x00000168157ac000 Exception <a 'java/lang/NoSuchMethodError'{0x000000074b815360}: java.lang.invoke.DirectMethodHandle$Holder.invokeStatic(Ljava/lang/Object;Ljava/lang/Object;Ljava/lang/Object;Ljava/lang/Object;Ljava/lang/Object;Ljava/lang/Object;Ljava/lang/Object;Ljava/lan
Event: 3.380 Thread 0x00000168157ac000 Exception <a 'java/lang/NoSuchMethodError'{0x000000074b8246c0}: java.lang.invoke.DirectMethodHandle$Holder.invokeStatic(Ljava/lang/Object;Ljava/lang/Object;Ljava/lang/Object;Ljava/lang/Object;Ljava/lang/Object;Ljava/lang/Object;Ljava/lang/Object;Ljava/lan
Event: 3.387 Thread 0x00000168157ac000 Exception <a 'java/lang/NoSuchMethodError'{0x000000074b8325d0}: java.lang.invoke.DirectMethodHandle$Holder.invokeSpecial(Ljava/lang/Object;Ljava/lang/Object;IILjava/lang/Object;Ljava/lang/Object;Ljava/lang/Object;Ljava/lang/Object;)Ljava/lang/Object;> (0x
Event: 3.424 Thread 0x00000168157ac000 Exception <a 'java/lang/NoSuchMethodError'{0x000000074b835d08}: java.lang.invoke.DelegatingMethodHandle$Holder.reinvoke_L(Ljava/lang/Object;IILjava/lang/Object;Ljava/lang/Object;Ljava/lang/Object;Ljava/lang/Object;)Ljava/lang/Object;> (0x000000074b835d08)
Event: 3.428 Thread 0x00000168157ac000 Exception <a 'java/lang/NoSuchMethodError'{0x000000074b845340}: java.lang.invoke.DirectMethodHandle$Holder.invokeStatic(Ljava/lang/Object;Ljava/lang/Object;Ljava/lang/Object;Ljava/lang/Object;Ljava/lang/Object;Ljava/lang/Object;I)Ljava/lang/Object;> (0x00
Event: 3.441 Thread 0x00000168157ac000 Exception <a 'java/io/FileNotFoundException'{0x000000074b8fa618}> (0x000000074b8fa618) thrown at [t:/workspace/open/src/hotspot/share/prims/jni.cpp, line 615]

Events (10 events):
Event: 3.485 loading class org/springframework/core/convert/support/ObjectToOptionalConverter done
Event: 3.485 Executing VM operation: RevokeBias
Event: 3.485 Executing VM operation: RevokeBias done
Event: 3.485 loading class org/springframework/format/number/NumberFormatAnnotationFormatterFactory
Event: 3.485 loading class org/springframework/format/number/NumberFormatAnnotationFormatterFactory done
Event: 3.485 Executing VM operation: RevokeBias
Event: 3.485 Executing VM operation: RevokeBias done
Event: 3.486 loading class org/springframework/format/AnnotationFormatterFactory
Event: 3.486 loading class org/springframework/format/AnnotationFormatterFactory done
Event: 3.486 Executing VM operation: CollectForMetadataAllocation


Dynamic libraries:
0x00007ff63a170000 - 0x00007ff63a1b7000 	C:\Program Files\Java\jdk-11.0.6\bin\java.exe
0x00007ff9179c0000 - 0x00007ff917bb0000 	C:\Windows\SYSTEM32\ntdll.dll
0x00007ff9169c0000 - 0x00007ff916a72000 	C:\Windows\System32\KERNEL32.DLL
0x00007ff9154f0000 - 0x00007ff915794000 	C:\Windows\System32\KERNELBASE.dll
0x00007ff916610000 - 0x00007ff9166b3000 	C:\Windows\System32\ADVAPI32.dll
0x00007ff916810000 - 0x00007ff9168ae000 	C:\Windows\System32\msvcrt.dll
0x00007ff916a80000 - 0x00007ff916b17000 	C:\Windows\System32\sechost.dll
0x00007ff916ff0000 - 0x00007ff917110000 	C:\Windows\System32\RPCRT4.dll
0x00007ff916210000 - 0x00007ff9163a4000 	C:\Windows\System32\USER32.dll
0x00007ff915a40000 - 0x00007ff915a61000 	C:\Windows\System32\win32u.dll
0x00007ff9161e0000 - 0x00007ff916206000 	C:\Windows\System32\GDI32.dll
0x00007ff9151d0000 - 0x00007ff915364000 	C:\Windows\System32\gdi32full.dll
0x00007ff915370000 - 0x00007ff91540e000 	C:\Windows\System32\msvcp_win.dll
0x00007ff915940000 - 0x00007ff915a3a000 	C:\Windows\System32\ucrtbase.dll
0x00007ff8ffe70000 - 0x00007ff9000f4000 	C:\Windows\WinSxS\amd64_microsoft.windows.common-controls_6595b64144ccf1df_6.0.18362.836_none_e6c4b943130f18ed\COMCTL32.dll
0x00007ff916be0000 - 0x00007ff916f16000 	C:\Windows\System32\combase.dll
0x00007ff910ae0000 - 0x00007ff910aea000 	C:\Windows\SYSTEM32\VERSION.dll
0x00007ff915410000 - 0x00007ff915490000 	C:\Windows\System32\bcryptPrimitives.dll
0x00007ff9163b0000 - 0x00007ff9163de000 	C:\Windows\System32\IMM32.DLL
0x00007ff90e550000 - 0x00007ff90e566000 	C:\Program Files\Java\jdk-11.0.6\bin\vcruntime140.dll
0x00007ff8ecdf0000 - 0x00007ff8ece9a000 	C:\Program Files\Java\jdk-11.0.6\bin\msvcp140.dll
0x00007ff8d9cd0000 - 0x00007ff8da7f9000 	C:\Program Files\Java\jdk-11.0.6\bin\server\jvm.dll
0x00007ff9161d0000 - 0x00007ff9161d8000 	C:\Windows\System32\PSAPI.DLL
0x00007ff906a50000 - 0x00007ff906a59000 	C:\Windows\SYSTEM32\WSOCK32.dll
0x00007ff915ba0000 - 0x00007ff915c0f000 	C:\Windows\System32\WS2_32.dll
0x00007ff90bbe0000 - 0x00007ff90bc04000 	C:\Windows\SYSTEM32\WINMM.dll
0x00007ff90b980000 - 0x00007ff90b9ad000 	C:\Windows\SYSTEM32\WINMMBASE.dll
0x00007ff914a00000 - 0x00007ff914a4a000 	C:\Windows\System32\cfgmgr32.dll
0x00007ff914930000 - 0x00007ff914941000 	C:\Windows\System32\kernel.appcore.dll
0x00007ff90e510000 - 0x00007ff90e521000 	C:\Program Files\Java\jdk-11.0.6\bin\verify.dll
0x00007ff90dcd0000 - 0x00007ff90dec4000 	C:\Windows\SYSTEM32\DBGHELP.DLL
0x00007ff90d670000 - 0x00007ff90d69a000 	C:\Windows\SYSTEM32\dbgcore.DLL
0x00007ff90bb00000 - 0x00007ff90bb29000 	C:\Program Files\Java\jdk-11.0.6\bin\java.dll
0x00007ff90eb60000 - 0x00007ff90eb97000 	C:\Program Files\Java\jdk-11.0.6\bin\jdwp.dll
0x00007ff90eb30000 - 0x00007ff90eb5f000 	C:\Program Files\Java\jdk-11.0.6\bin\instrument.dll
0x00007ff90bb50000 - 0x00007ff90bb66000 	C:\Program Files\Java\jdk-11.0.6\bin\zip.dll
0x00007ff910c30000 - 0x00007ff910c3a000 	C:\Program Files\Java\jdk-11.0.6\bin\jimage.dll
0x00007ff917130000 - 0x00007ff917814000 	C:\Windows\System32\SHELL32.dll
0x00007ff915af0000 - 0x00007ff915b99000 	C:\Windows\System32\shcore.dll
0x00007ff914a50000 - 0x00007ff9151ce000 	C:\Windows\System32\windows.storage.dll
0x00007ff9148e0000 - 0x00007ff914903000 	C:\Windows\System32\profapi.dll
0x00007ff914890000 - 0x00007ff9148da000 	C:\Windows\System32\powrprof.dll
0x00007ff914880000 - 0x00007ff914890000 	C:\Windows\System32\UMPDC.dll
0x00007ff916b20000 - 0x00007ff916b72000 	C:\Windows\System32\shlwapi.dll
0x00007ff9158f0000 - 0x00007ff915907000 	C:\Windows\System32\cryptsp.dll
0x00007ff910c50000 - 0x00007ff910c5a000 	C:\Program Files\Java\jdk-11.0.6\bin\dt_socket.dll
0x00007ff914040000 - 0x00007ff9140a7000 	C:\Windows\system32\mswsock.dll
0x00007ff90bae0000 - 0x00007ff90baf9000 	C:\Program Files\Java\jdk-11.0.6\bin\net.dll
0x00007ff910d70000 - 0x00007ff910e60000 	C:\Windows\SYSTEM32\WINHTTP.dll
0x00007ff90ba00000 - 0x00007ff90ba13000 	C:\Program Files\Java\jdk-11.0.6\bin\nio.dll
0x00007ff913da0000 - 0x00007ff913e6b000 	C:\Windows\SYSTEM32\DNSAPI.dll
0x00007ff915c10000 - 0x00007ff915c18000 	C:\Windows\System32\NSI.dll
0x00007ff913d60000 - 0x00007ff913d9a000 	C:\Windows\SYSTEM32\IPHLPAPI.DLL
0x00007ff90f460000 - 0x00007ff90f46a000 	C:\Windows\System32\rasadhlp.dll
0x00007ff9104c0000 - 0x00007ff910537000 	C:\Windows\System32\fwpuclnt.dll
0x00007ff915910000 - 0x00007ff915936000 	C:\Windows\System32\bcrypt.dll
0x00007ff90f8b0000 - 0x00007ff90f8b9000 	C:\Program Files\Java\jdk-11.0.6\bin\management.dll
0x00007ff90ba80000 - 0x00007ff90ba8c000 	C:\Program Files\Java\jdk-11.0.6\bin\management_ext.dll
0x00007ff913bc0000 - 0x00007ff913bf3000 	C:\Windows\system32\rsaenh.dll
0x00007ff9147a0000 - 0x00007ff9147c5000 	C:\Windows\SYSTEM32\USERENV.dll
0x00007ff9141c0000 - 0x00007ff9141cc000 	C:\Windows\SYSTEM32\CRYPTBASE.dll
0x00007ff910880000 - 0x00007ff910896000 	C:\Windows\SYSTEM32\dhcpcsvc6.DLL
0x00007ff910740000 - 0x00007ff91075c000 	C:\Windows\SYSTEM32\dhcpcsvc.DLL
0x00007ff902d60000 - 0x00007ff902d76000 	C:\Windows\system32\napinsp.dll
0x00007ff901760000 - 0x00007ff90177a000 	C:\Windows\system32\pnrpnsp.dll
0x00007ff901750000 - 0x00007ff90175e000 	C:\Windows\System32\winrnr.dll
0x00007ff910af0000 - 0x00007ff910b0c000 	C:\Windows\system32\NLAapi.dll
0x00007ff9016d0000 - 0x00007ff9016e5000 	C:\Windows\system32\wshbth.dll

dbghelp: loaded successfully - version: 4.0.5 - missing functions: none
symbol engine: initialized successfully - sym options: 0x614 - pdb path: .;C:\Program Files\Java\jdk-11.0.6\bin;C:\Windows\SYSTEM32;C:\Windows\WinSxS\amd64_microsoft.windows.common-controls_6595b64144ccf1df_6.0.18362.836_none_e6c4b943130f18ed;C:\Program Files\Java\jdk-11.0.6\bin\server

VM Arguments:
jvm_args: -agentlib:jdwp=transport=dt_socket,address=127.0.0.1:59778,suspend=y,server=n -XX:TieredStopAtLevel=1 -Xverify:none -Dspring.profiles.active=dev_home -Dspring.output.ansi.enabled=always -Dcom.sun.management.jmxremote -Dspring.jmx.enabled=true -Dspring.liveBeansView.mbeanDomain -Dspring.application.admin.enabled=true -javaagent:C:\Users\litch\AppData\Local\JetBrains\Toolbox\apps\IDEA-U\ch-0\201.6668.121\plugins\java\lib\rt\debugger-agent.jar -Dfile.encoding=UTF-8 
java_command: com.esiran.greenpay.GreenPayAdminApplication
java_class_path (initial): D:\workspace\greenpay\greenpay-admin\target\classes;C:\Users\litch\.m2\repository\io\springfox\springfox-swagger2\2.9.2\springfox-swagger2-2.9.2.jar;C:\Users\litch\.m2\repository\io\swagger\swagger-annotations\1.5.20\swagger-annotations-1.5.20.jar;C:\Users\litch\.m2\repository\io\swagger\swagger-models\1.5.20\swagger-models-1.5.20.jar;C:\Users\litch\.m2\repository\com\fasterxml\jackson\core\jackson-annotations\2.10.0\jackson-annotations-2.10.0.jar;C:\Users\litch\.m2\repository\io\springfox\springfox-spi\2.9.2\springfox-spi-2.9.2.jar;C:\Users\litch\.m2\repository\io\springfox\springfox-core\2.9.2\springfox-core-2.9.2.jar;C:\Users\litch\.m2\repository\net\bytebuddy\byte-buddy\1.10.1\byte-buddy-1.10.1.jar;C:\Users\litch\.m2\repository\io\springfox\springfox-schema\2.9.2\springfox-schema-2.9.2.jar;C:\Users\litch\.m2\repository\io\springfox\springfox-swagger-common\2.9.2\springfox-swagger-common-2.9.2.jar;C:\Users\litch\.m2\repository\io\springfox\springfox-spring-web\2.9.2\springfox-spring-web-2.9.2.jar;C:\Users\litch\.m2\repository\com\google\guava\guava\29.0-jre\guava-29.0-jre.jar;C:\Users\litch\.m2\repository\com\google\guava\failureaccess\1.0.1\failureaccess-1.0.1.jar;C:\Users\litch\.m2\repository\com\google\guava\listenablefuture\9999.0-empty-to-avoid-conflict-with-guava\listenablefuture-9999.0-empty-to-avoid-conflict-with-guava.jar;C:\Users\litch\.m2\repository\com\google\code\findbugs\jsr305\3.0.2\jsr305-3.0.2.jar;C:\Users\litch\.m2\repository\org\checkerframework\checker-qual\2.11.1\checker-qual-2.11.1.jar;C:\Users\litch\.m2\repository\com\google\errorprone\error_prone_annotations\2.3.4\error_prone_annotations-2.3.4.jar;C:\Users\litch\.m2\repository\com\google\j2objc\j2objc-annotations\1.3\j2objc-annotations-1.3.jar;C:\Users\litch\.m2\repository\com\fasterxml\classmate\1.5.0\classmate-1.5.0.jar;C:\Users\litch\.m2\repository\org\slf4j\slf4j-api\1.7.30\slf4j-api-1.7.30.jar;C:\Users\litch\.m2\repository\org\springframework\plugin\spring
Launcher Type: SUN_STANDARD

[Global flags]
     bool BytecodeVerificationLocal                = false                                     {product} {command line}
     bool BytecodeVerificationRemote               = false                                     {product} {command line}
     intx CICompilerCount                          = 3                                         {product} {ergonomic}
     uint ConcGCThreads                            = 1                                         {product} {ergonomic}
     uint G1ConcRefinementThreads                  = 4                                         {product} {ergonomic}
   size_t G1HeapRegionSize                         = 1048576                                   {product} {ergonomic}
    uintx GCDrainStackTargetSize                   = 64                                        {product} {ergonomic}
   size_t InitialHeapSize                          = 201326592                                 {product} {ergonomic}
     bool ManagementServer                         = true                                      {product} {command line}
   size_t MarkStackSize                            = 4194304                                   {product} {ergonomic}
   size_t MaxHeapSize                              = 3210739712                                {product} {ergonomic}
   size_t MaxNewSize                               = 1926234112                                {product} {ergonomic}
   size_t MinHeapDeltaBytes                        = 1048576                                   {product} {ergonomic}
    uintx NonNMethodCodeHeapSize                   = 6973028                                {pd product} {ergonomic}
    uintx NonProfiledCodeHeapSize                  = 244685212                              {pd product} {ergonomic}
    uintx ProfiledCodeHeapSize                     = 0                                      {pd product} {ergonomic}
    uintx ReservedCodeCacheSize                    = 251658240                              {pd product} {ergonomic}
     bool SegmentedCodeCache                       = true                                      {product} {ergonomic}
     intx TieredStopAtLevel                        = 1                                         {product} {command line}
     bool UseCompressedClassPointers               = true                                 {lp64_product} {ergonomic}
     bool UseCompressedOops                        = true                                 {lp64_product} {ergonomic}
     bool UseG1GC                                  = true                                      {product} {ergonomic}
     bool UseLargePagesIndividualAllocation        = false                                  {pd product} {ergonomic}

Logging:
Log output configuration:
 #0: stdout all=warning uptime,level,tags
 #1: stderr all=off uptime,level,tags

Environment Variables:
JAVA_HOME=C:\Program Files\Java\jdk-11.0.6
PATH=C:\Program Files (x86)\Common Files\Oracle\Java\javapath;C:\Program Files (x86)\NetSarang\Xftp 6\;C:\Program Files (x86)\NetSarang\Xshell 6\;C:\Windows\system32;C:\Windows;C:\Windows\System32\Wbem;C:\Windows\System32\WindowsPowerShell\v1.0\;C:\Windows\System32\OpenSSH\;C:\Program Files\nodejs\;C:\Program Files\Git\cmd;C:\Program Files\Docker\Docker\resources\bin;C:\ProgramData\DockerDesktop\version-bin;C:\Program Files\Java\jdk-11.0.6\bin;C:\Program Files\MySQL\MySQL Server 8.0\bin;C:\Program Files\OpenSSL-Win64\bin;D:\opt\kafka_2.12-2.5.0\bin\windows;D:\opt\netcat-win32-1.12;C:\Users\litch\AppData\Local\Programs\Python\Python38-32\Scripts\;C:\Users\litch\AppData\Local\Programs\Python\Python38-32\;C:\Users\litch\AppData\Local\Microsoft\WindowsApps;C:\Users\litch\AppData\Local\Programs\Microsoft VS Code\bin;C:\Users\litch\AppData\Roaming\npm;C:\Users\litch\AppData\Local\Programs\Fiddler
USERNAME=litch
OS=Windows_NT
PROCESSOR_IDENTIFIER=Intel64 Family 6 Model 42 Stepping 7, GenuineIntel



---------------  S Y S T E M  ---------------

OS: Windows 10 , 64 bit Build 18362 (10.0.18362.778)

CPU:total 4 (initial active 4) (4 cores per cpu, 1 threads per core) family 6 model 42 stepping 7, cmov, cx8, fxsr, mmx, sse, sse2, sse3, ssse3, sse4.1, sse4.2, popcnt, avx, aes, clmul, tsc, tscinvbit

Memory: 4k page, system-wide physical 12245M (718M free)
TotalPageFile size 22485M (AvailPageFile size 3M)
current process WorkingSet (physical memory assigned to process): 90M, peak: 90M
current process commit charge ("private bytes"): 285M, peak: 285M

vm_info: Java HotSpot(TM) 64-Bit Server VM (11.0.6+8-LTS) for windows-amd64 JRE (11.0.6+8-LTS), built on Dec 11 2019 09:17:57 by "mach5one" with MS VC++ 15.5 (VS2017)

END.
