#
# A fatal error has been detected by the Java Runtime Environment:
#
#  EXCEPTION_ACCESS_VIOLATION (0xc0000005) at pc=0x0000000004007f21, pid=1920, tid=0x0000000000002294
#
# JRE version: Java(TM) SE Runtime Environment (8.0_202-b08) (build 1.8.0_202-b08)
# Java VM: Java HotSpot(TM) 64-Bit Server VM (25.202-b08 mixed mode windows-amd64 compressed oops)
# Problematic frame:
# J 6724 C1 java.util.concurrent.ConcurrentHashMap.putVal(Ljava/lang/Object;Ljava/lang/Object;Z)Ljava/lang/Object; (362 bytes) @ 0x0000000004007f21 [0x0000000004007de0+0x141]
#
# Failed to write core dump. Minidumps are not enabled by default on client versions of Windows
#
# If you would like to submit a bug report, please visit:
#   http://bugreport.java.com/bugreport/crash.jsp
#

---------------  T H R E A D  ---------------

Current thread (0x00000000228e5800):  JavaThread "lettuce-nioEventLoop-4-1" daemon [_thread_in_Java, id=8852, stack(0x0000000027a40000,0x0000000027b40000)]

siginfo: ExceptionCode=0xc0000005, reading address 0x0000000008000008

Registers:
RAX=0x00000007c0037000, RBX=0x0000000000000000, RCX=0x0000000000000002, RDX=0x0000000008000000
RSP=0x0000000027b3dcb0, RBP=0x0000000027b3f320, RSI=0x00000006c060b610, RDI=0x00000006c2c038e0
R8 =0x000000000001f93c, R9 =0x000000076c398c80, R10=0x0000000000000010, R11=0x0000000000080000
R12=0x0000000000000000, R13=0x0000000000000000, R14=0x0000000027b3ddc0, R15=0x00000000228e5800
RIP=0x0000000004007f21, EFLAGS=0x0000000000010206

Top of Stack: (sp=0x0000000027b3dcb0)
0x0000000027b3dcb0:   0000000027b3dd00 000000076c398890
0x0000000027b3dcc0:   00000006c2b78d80 0000000027b3dd20
0x0000000027b3dcd0:   00000006c1bc80d0 000000076c398878
0x0000000027b3dce0:   00000000228e5800 0000000025031138
0x0000000027b3dcf0:   000000076c398878 000000005d1bed07
0x0000000027b3dd00:   0000000025031138 000000076b3e4230
0x0000000027b3dd10:   000000076b3e4630 00000000040dd867
0x0000000027b3dd20:   0000000000000000 0000000027b3dd90
0x0000000027b3dd30:   0000000000000000 00000006c060b610
0x0000000027b3dd40:   000000076c398c90 000000076c398c80
0x0000000027b3dd50:   0000000000000000 000800006de87e4b
0x0000000027b3dd60:   000000076c398cb0 00000000033e4954
0x0000000027b3dd70:   00007e4b6c398878 0000000027b3ddd0
0x0000000027b3dd80:   000000000f05d000 00000006c1bc7af0
0x0000000027b3dd90:   000000076c398878 0000000003400da4
0x0000000027b3dda0:   000000076c430df0 00000006c2b78d80 

Instructions: (pc=0x0000000004007f21)
0x0000000004007f01:   00 4d 03 c2 42 8b 14 07 48 c1 e2 03 48 83 fa 00
0x0000000004007f11:   0f 84 20 00 00 00 48 b8 00 70 03 c0 07 00 00 00
0x0000000004007f21:   8b 72 08 48 c1 e6 03 48 3b 46 30 0f 85 8f 08 00
0x0000000004007f31:   00 e9 00 00 00 00 4c 8b ea 4c 89 ac 24 b8 00 00 


Register to memory mapping:

RAX=0x00000007c0037000 is pointing into metadata
RBX=0x0000000000000000 is an unknown value
RCX=0x0000000000000002 is an unknown value
RDX=0x0000000008000000 is an unknown value
RSP=0x0000000027b3dcb0 is pointing into the stack for thread: 0x00000000228e5800
RBP=0x0000000027b3f320 is pointing into the stack for thread: 0x00000000228e5800
RSI=0x00000006c060b610 is an oop
java.util.concurrent.ConcurrentHashMap 
 - klass: 'java/util/concurrent/ConcurrentHashMap'
RDI=0x00000006c2c038e0 is an oop
[Ljava.util.concurrent.ConcurrentHashMap$Node; 
 - klass: 'java/util/concurrent/ConcurrentHashMap$Node'[]
 - length: 524288
R8 =0x000000000001f93c is an unknown value
R9 =0x000000076c398c80 is an oop
com.intellij.rt.debugger.agent.CaptureStorage$ExceptionCapturedStack 
 - klass: 'com/intellij/rt/debugger/agent/CaptureStorage$ExceptionCapturedStack'
R10=0x0000000000000010 is an unknown value
R11=0x0000000000080000 is an unknown value
R12=0x0000000000000000 is an unknown value
R13=0x0000000000000000 is an unknown value
R14=0x0000000027b3ddc0 is pointing into the stack for thread: 0x00000000228e5800
R15=0x00000000228e5800 is a thread


Stack: [0x0000000027a40000,0x0000000027b40000],  sp=0x0000000027b3dcb0,  free space=1015k
Native frames: (J=compiled Java code, j=interpreted, Vv=VM code, C=native code)
C  0x0000000004007f21


---------------  P R O C E S S  ---------------

Java Threads: ( => current thread )
  0x0000000021ce8800 JavaThread "HikariPool-1 connection adder" daemon [_thread_blocked, id=13972, stack(0x0000000078310000,0x0000000078410000)]
  0x0000000021ce6800 JavaThread "HikariPool-1 connection closer" daemon [_thread_blocked, id=13016, stack(0x0000000078210000,0x0000000078310000)]
  0x0000000021ce8000 JavaThread "pool-1-thread-10" [_thread_blocked, id=980, stack(0x000000002a250000,0x000000002a350000)]
  0x0000000021ce1000 JavaThread "HikariPool-1 housekeeper" daemon [_thread_blocked, id=4936, stack(0x000000002a050000,0x000000002a150000)]
  0x0000000021ce4000 JavaThread "pool-1-thread-9" [_thread_blocked, id=7236, stack(0x0000000029b50000,0x0000000029c50000)]
  0x0000000021ce5000 JavaThread "SessionValidationThread-1" daemon [_thread_blocked, id=2764, stack(0x0000000029850000,0x0000000029950000)]
  0x0000000021c41000 JavaThread "pool-1-thread-8" [_thread_blocked, id=11388, stack(0x0000000029750000,0x0000000029850000)]
  0x0000000021c40000 JavaThread "pool-1-thread-7" [_thread_blocked, id=7916, stack(0x0000000029650000,0x0000000029750000)]
  0x0000000021c3e800 JavaThread "pool-1-thread-6" [_thread_blocked, id=12608, stack(0x0000000029550000,0x0000000029650000)]
  0x0000000021c3c800 JavaThread "pool-1-thread-5" [_thread_blocked, id=7880, stack(0x0000000029450000,0x0000000029550000)]
  0x0000000021c3e000 JavaThread "pool-1-thread-4" [_thread_blocked, id=6708, stack(0x0000000029350000,0x0000000029450000)]
  0x0000000021c3b800 JavaThread "pool-1-thread-3" [_thread_blocked, id=9376, stack(0x0000000029050000,0x0000000029150000)]
  0x0000000021c3b000 JavaThread "pool-1-thread-2" [_thread_blocked, id=3652, stack(0x0000000028f50000,0x0000000029050000)]
  0x0000000021c3f800 JavaThread "lettuce-eventExecutorLoop-1-4" daemon [_thread_blocked, id=8284, stack(0x0000000028e50000,0x0000000028f50000)]
  0x0000000021c3a000 JavaThread "lettuce-eventExecutorLoop-1-3" daemon [_thread_blocked, id=3012, stack(0x0000000028d50000,0x0000000028e50000)]
  0x0000000021c3d000 JavaThread "lettuce-eventExecutorLoop-1-2" daemon [_thread_blocked, id=10188, stack(0x0000000028c50000,0x0000000028d50000)]
  0x00000000228e6800 JavaThread "lettuce-eventExecutorLoop-1-1" daemon [_thread_blocked, id=7120, stack(0x0000000028b50000,0x0000000028c50000)]
=>0x00000000228e5800 JavaThread "lettuce-nioEventLoop-4-1" daemon [_thread_in_Java, id=8852, stack(0x0000000027a40000,0x0000000027b40000)]
  0x00000000228e4000 JavaThread "DestroyJavaVM" [_thread_blocked, id=1788, stack(0x0000000002f20000,0x0000000003020000)]
  0x00000000228e7000 JavaThread "Thread-31" [_thread_blocked, id=11708, stack(0x0000000027240000,0x0000000027340000)]
  0x00000000228e2800 JavaThread "http-nio-8097-Acceptor" daemon [_thread_in_native, id=9088, stack(0x0000000027140000,0x0000000027240000)]
  0x00000000228e8800 JavaThread "http-nio-8097-ClientPoller" daemon [_thread_in_native, id=7812, stack(0x0000000027040000,0x0000000027140000)]
  0x00000000228e3800 JavaThread "http-nio-8097-exec-10" daemon [_thread_blocked, id=10820, stack(0x0000000026f40000,0x0000000027040000)]
  0x00000000228e8000 JavaThread "http-nio-8097-exec-9" daemon [_thread_blocked, id=9304, stack(0x0000000026e40000,0x0000000026f40000)]
  0x00000000228e9800 JavaThread "http-nio-8097-exec-8" daemon [_thread_blocked, id=10268, stack(0x0000000026d40000,0x0000000026e40000)]
  0x00000000228db000 JavaThread "http-nio-8097-exec-7" daemon [_thread_blocked, id=6340, stack(0x0000000026c40000,0x0000000026d40000)]
  0x00000000228e2000 JavaThread "http-nio-8097-exec-6" daemon [_thread_blocked, id=8280, stack(0x0000000026b40000,0x0000000026c40000)]
  0x00000000228df800 JavaThread "http-nio-8097-exec-5" daemon [_thread_blocked, id=8432, stack(0x0000000026a40000,0x0000000026b40000)]
  0x00000000228da800 JavaThread "http-nio-8097-exec-4" daemon [_thread_blocked, id=5456, stack(0x0000000026940000,0x0000000026a40000)]
  0x00000000228df000 JavaThread "http-nio-8097-exec-3" daemon [_thread_blocked, id=6548, stack(0x0000000026840000,0x0000000026940000)]
  0x00000000228e1000 JavaThread "http-nio-8097-exec-2" daemon [_thread_blocked, id=1988, stack(0x0000000026740000,0x0000000026840000)]
  0x00000000228dc800 JavaThread "http-nio-8097-exec-1" daemon [_thread_blocked, id=10572, stack(0x0000000026640000,0x0000000026740000)]
  0x00000000228de000 JavaThread "http-nio-8097-BlockPoller" daemon [_thread_in_native, id=13032, stack(0x0000000026540000,0x0000000026640000)]
  0x00000000228e0800 JavaThread "pool-1-thread-1" [_thread_blocked, id=10876, stack(0x0000000026440000,0x0000000026540000)]
  0x00000000228dd800 JavaThread "kafka-coordinator-heartbeat-thread | 0" daemon [_thread_blocked, id=6084, stack(0x0000000026040000,0x0000000026140000)]
  0x00000000228dc000 JavaThread "org.springframework.kafka.KafkaListenerEndpointContainer#0-0-C-1" [_thread_in_native, id=5184, stack(0x0000000024c70000,0x0000000024d70000)]
  0x0000000021cde800 JavaThread "ThreadPoolTaskScheduler-1" [_thread_blocked, id=11872, stack(0x0000000024b70000,0x0000000024c70000)]
  0x0000000021ce0000 JavaThread "container-0" [_thread_blocked, id=11532, stack(0x0000000023d70000,0x0000000023e70000)]
  0x0000000021cde000 JavaThread "Catalina-utility-2" [_thread_blocked, id=10960, stack(0x0000000023c70000,0x0000000023d70000)]
  0x0000000021cdf800 JavaThread "Catalina-utility-1" [_thread_blocked, id=11868, stack(0x0000000023b70000,0x0000000023c70000)]
  0x0000000021a68800 JavaThread "Abandoned connection cleanup thread" daemon [_thread_blocked, id=4268, stack(0x0000000022b70000,0x0000000022c70000)]
  0x000000001fb8b800 JavaThread "RMI Scheduler(0)" daemon [_thread_blocked, id=12832, stack(0x00000000212a0000,0x00000000213a0000)]
  0x000000001ec9e000 JavaThread "RMI TCP Accept-0" daemon [_thread_in_native, id=5300, stack(0x000000001f1e0000,0x000000001f2e0000)]
  0x000000001ea25000 JavaThread "Service Thread" daemon [_thread_blocked, id=292, stack(0x000000001f0e0000,0x000000001f1e0000)]
  0x000000001e989800 JavaThread "C1 CompilerThread2" daemon [_thread_blocked, id=1020, stack(0x000000001efe0000,0x000000001f0e0000)]
  0x000000001e984000 JavaThread "C2 CompilerThread1" daemon [_thread_blocked, id=3240, stack(0x000000001eee0000,0x000000001efe0000)]
  0x000000001e983000 JavaThread "C2 CompilerThread0" daemon [_thread_blocked, id=2368, stack(0x000000001ede0000,0x000000001eee0000)]
  0x000000001c976000 JavaThread "JDWP Command Reader" daemon [_thread_in_native, id=1100, stack(0x000000001e4e0000,0x000000001e5e0000)]
  0x000000001c96f000 JavaThread "JDWP Event Helper Thread" daemon [_thread_blocked, id=2428, stack(0x000000001e3e0000,0x000000001e4e0000)]
  0x000000001c94f800 JavaThread "JDWP Transport Listener: dt_socket" daemon [_thread_blocked, id=12248, stack(0x000000001e2e0000,0x000000001e3e0000)]
  0x000000001c948800 JavaThread "Attach Listener" daemon [_thread_blocked, id=12732, stack(0x000000001e1e0000,0x000000001e2e0000)]
  0x000000001c947800 JavaThread "Signal Dispatcher" daemon [_thread_blocked, id=8236, stack(0x000000001e0e0000,0x000000001e1e0000)]
  0x000000001c921000 JavaThread "Finalizer" daemon [_thread_blocked, id=2292, stack(0x000000001db80000,0x000000001dc80000)]
  0x000000001c918800 JavaThread "Reference Handler" daemon [_thread_blocked, id=940, stack(0x000000001da80000,0x000000001db80000)]

Other Threads:
  0x000000001c8f7000 VMThread [stack: 0x000000001d980000,0x000000001da80000] [id=11436]
  0x000000001ecb3800 WatcherThread [stack: 0x000000001f320000,0x000000001f420000] [id=6364]

VM state:not at safepoint (normal execution)

VM Mutex/Monitor currently owned by a thread: None

heap address: 0x00000006c0600000, size: 4090 MB, Compressed Oops mode: Zero based, Oop shift amount: 3
Narrow klass base: 0x0000000000000000, Narrow klass shift: 3
Compressed class space size: 1073741824 Address: 0x00000007c0000000

Heap:
 PSYoungGen      total 54784K, used 38615K [0x000000076ad00000, 0x000000076f180000, 0x00000007c0000000)
  eden space 39424K, 60% used [0x000000076ad00000,0x000000076c431c60,0x000000076d380000)
  from space 15360K, 96% used [0x000000076e280000,0x000000076f104010,0x000000076f180000)
  to   space 15360K, 0% used [0x000000076d380000,0x000000076d380000,0x000000076e280000)
 ParOldGen       total 284160K, used 184717K [0x00000006c0600000, 0x00000006d1b80000, 0x000000076ad00000)
  object space 284160K, 65% used [0x00000006c0600000,0x00000006cba637f0,0x00000006d1b80000)
 Metaspace       used 76474K, capacity 80800K, committed 82304K, reserved 1120256K
  class space    used 9545K, capacity 10300K, committed 10624K, reserved 1048576K

Card table byte_map: [0x0000000012660000,0x0000000012e60000] byte_map_base: 0x000000000f05d000

Marking Bits: (ParMarkBitMap*) 0x000000005d7a5ce0
 Begin Bits: [0x00000000137c0000, 0x00000000177a8000)
 End Bits:   [0x00000000177a8000, 0x000000001b790000)

Polling page: 0x0000000002930000

CodeCache: size=245760Kb used=21152Kb max_used=21152Kb free=224607Kb
 bounds [0x00000000032a0000, 0x0000000004750000, 0x00000000122a0000]
 total_blobs=11438 nmethods=10715 adapters=641
 compilation: enabled

Compilation events (10 events):
Event: 114937.021 Thread 0x000000001e989800 10892       1       org.apache.kafka.common.message.MetadataResponseData$MetadataResponseBroker::setPrev (6 bytes)
Event: 114937.022 Thread 0x000000001e989800 nmethod 10892 0x000000000474a790 code [0x000000000474a8e0, 0x000000000474a9f0]
Event: 114937.022 Thread 0x000000001e989800 10893       1       org.apache.kafka.common.message.MetadataResponseData$MetadataResponseBroker::setNext (6 bytes)
Event: 114937.022 Thread 0x000000001e989800 nmethod 10893 0x000000000474aa50 code [0x000000000474aba0, 0x000000000474acb0]
Event: 114937.022 Thread 0x000000001e989800 10894       1       org.apache.kafka.common.message.MetadataResponseData$MetadataResponseTopic::hashCode (28 bytes)
Event: 114937.022 Thread 0x000000001e989800 nmethod 10894 0x000000000474ad10 code [0x000000000474ae60, 0x000000000474afc8]
Event: 124751.266 Thread 0x000000001e989800 10895       1       java.util.ArrayList::trimToSize (51 bytes)
Event: 124751.266 Thread 0x000000001e989800 nmethod 10895 0x000000000474b090 code [0x000000000474b200, 0x000000000474b3a8]
Event: 124751.267 Thread 0x000000001e989800 10896       1       com.intellij.rt.debugger.agent.CaptureStorage$UnwindCapturedStack::<init> (10 bytes)
Event: 124751.267 Thread 0x000000001e989800 nmethod 10896 0x000000000474b490 code [0x000000000474b5e0, 0x000000000474b710]

GC Heap History (10 events):
Event: 126148.801 GC heap before
{Heap before GC invocations=15693 (full 13):
 PSYoungGen      total 54784K, used 54272K [0x000000076ad00000, 0x000000076f180000, 0x00000007c0000000)
  eden space 39424K, 100% used [0x000000076ad00000,0x000000076d380000,0x000000076d380000)
  from space 15360K, 96% used [0x000000076d380000,0x000000076e200020,0x000000076e280000)
  to   space 15360K, 0% used [0x000000076e280000,0x000000076e280000,0x000000076f180000)
 ParOldGen       total 284160K, used 184045K [0x00000006c0600000, 0x00000006d1b80000, 0x000000076ad00000)
  object space 284160K, 64% used [0x00000006c0600000,0x00000006cb9bb7b0,0x00000006d1b80000)
 Metaspace       used 76474K, capacity 80800K, committed 82304K, reserved 1120256K
  class space    used 9545K, capacity 10300K, committed 10624K, reserved 1048576K
Event: 126148.812 GC heap after
Heap after GC invocations=15693 (full 13):
 PSYoungGen      total 54784K, used 14880K [0x000000076ad00000, 0x000000076f180000, 0x00000007c0000000)
  eden space 39424K, 0% used [0x000000076ad00000,0x000000076ad00000,0x000000076d380000)
  from space 15360K, 96% used [0x000000076e280000,0x000000076f108020,0x000000076f180000)
  to   space 15360K, 0% used [0x000000076d380000,0x000000076d380000,0x000000076e280000)
 ParOldGen       total 284160K, used 184213K [0x00000006c0600000, 0x00000006d1b80000, 0x000000076ad00000)
  object space 284160K, 64% used [0x00000006c0600000,0x00000006cb9e57d0,0x00000006d1b80000)
 Metaspace       used 76474K, capacity 80800K, committed 82304K, reserved 1120256K
  class space    used 9545K, capacity 10300K, committed 10624K, reserved 1048576K
}
Event: 126154.405 GC heap before
{Heap before GC invocations=15694 (full 13):
 PSYoungGen      total 54784K, used 54304K [0x000000076ad00000, 0x000000076f180000, 0x00000007c0000000)
  eden space 39424K, 100% used [0x000000076ad00000,0x000000076d380000,0x000000076d380000)
  from space 15360K, 96% used [0x000000076e280000,0x000000076f108020,0x000000076f180000)
  to   space 15360K, 0% used [0x000000076d380000,0x000000076d380000,0x000000076e280000)
 ParOldGen       total 284160K, used 184213K [0x00000006c0600000, 0x00000006d1b80000, 0x000000076ad00000)
  object space 284160K, 64% used [0x00000006c0600000,0x00000006cb9e57d0,0x00000006d1b80000)
 Metaspace       used 76474K, capacity 80800K, committed 82304K, reserved 1120256K
  class space    used 9545K, capacity 10300K, committed 10624K, reserved 1048576K
Event: 126154.417 GC heap after
Heap after GC invocations=15694 (full 13):
 PSYoungGen      total 54784K, used 14848K [0x000000076ad00000, 0x000000076f180000, 0x00000007c0000000)
  eden space 39424K, 0% used [0x000000076ad00000,0x000000076ad00000,0x000000076d380000)
  from space 15360K, 96% used [0x000000076d380000,0x000000076e200000,0x000000076e280000)
  to   space 15360K, 0% used [0x000000076e280000,0x000000076e280000,0x000000076f180000)
 ParOldGen       total 284160K, used 184389K [0x00000006c0600000, 0x00000006d1b80000, 0x000000076ad00000)
  object space 284160K, 64% used [0x00000006c0600000,0x00000006cba117f0,0x00000006d1b80000)
 Metaspace       used 76474K, capacity 80800K, committed 82304K, reserved 1120256K
  class space    used 9545K, capacity 10300K, committed 10624K, reserved 1048576K
}
Event: 126159.962 GC heap before
{Heap before GC invocations=15695 (full 13):
 PSYoungGen      total 54784K, used 54272K [0x000000076ad00000, 0x000000076f180000, 0x00000007c0000000)
  eden space 39424K, 100% used [0x000000076ad00000,0x000000076d380000,0x000000076d380000)
  from space 15360K, 96% used [0x000000076d380000,0x000000076e200000,0x000000076e280000)
  to   space 15360K, 0% used [0x000000076e280000,0x000000076e280000,0x000000076f180000)
 ParOldGen       total 284160K, used 184389K [0x00000006c0600000, 0x00000006d1b80000, 0x000000076ad00000)
  object space 284160K, 64% used [0x00000006c0600000,0x00000006cba117f0,0x00000006d1b80000)
 Metaspace       used 76474K, capacity 80800K, committed 82304K, reserved 1120256K
  class space    used 9545K, capacity 10300K, committed 10624K, reserved 1048576K
Event: 126159.973 GC heap after
Heap after GC invocations=15695 (full 13):
 PSYoungGen      total 54784K, used 14752K [0x000000076ad00000, 0x000000076f180000, 0x00000007c0000000)
  eden space 39424K, 0% used [0x000000076ad00000,0x000000076ad00000,0x000000076d380000)
  from space 15360K, 96% used [0x000000076e280000,0x000000076f0e8000,0x000000076f180000)
  to   space 15360K, 0% used [0x000000076d380000,0x000000076d380000,0x000000076e280000)
 ParOldGen       total 284160K, used 184501K [0x00000006c0600000, 0x00000006d1b80000, 0x000000076ad00000)
  object space 284160K, 64% used [0x00000006c0600000,0x00000006cba2d7f0,0x00000006d1b80000)
 Metaspace       used 76474K, capacity 80800K, committed 82304K, reserved 1120256K
  class space    used 9545K, capacity 10300K, committed 10624K, reserved 1048576K
}
Event: 126165.538 GC heap before
{Heap before GC invocations=15696 (full 13):
 PSYoungGen      total 54784K, used 54176K [0x000000076ad00000, 0x000000076f180000, 0x00000007c0000000)
  eden space 39424K, 100% used [0x000000076ad00000,0x000000076d380000,0x000000076d380000)
  from space 15360K, 96% used [0x000000076e280000,0x000000076f0e8000,0x000000076f180000)
  to   space 15360K, 0% used [0x000000076d380000,0x000000076d380000,0x000000076e280000)
 ParOldGen       total 284160K, used 184501K [0x00000006c0600000, 0x00000006d1b80000, 0x000000076ad00000)
  object space 284160K, 64% used [0x00000006c0600000,0x00000006cba2d7f0,0x00000006d1b80000)
 Metaspace       used 76474K, capacity 80800K, committed 82304K, reserved 1120256K
  class space    used 9545K, capacity 10300K, committed 10624K, reserved 1048576K
Event: 126165.549 GC heap after
Heap after GC invocations=15696 (full 13):
 PSYoungGen      total 54784K, used 14848K [0x000000076ad00000, 0x000000076f180000, 0x00000007c0000000)
  eden space 39424K, 0% used [0x000000076ad00000,0x000000076ad00000,0x000000076d380000)
  from space 15360K, 96% used [0x000000076d380000,0x000000076e200000,0x000000076e280000)
  to   space 15360K, 0% used [0x000000076e280000,0x000000076e280000,0x000000076f180000)
 ParOldGen       total 284160K, used 184605K [0x00000006c0600000, 0x00000006d1b80000, 0x000000076ad00000)
  object space 284160K, 64% used [0x00000006c0600000,0x00000006cba477f0,0x00000006d1b80000)
 Metaspace       used 76474K, capacity 80800K, committed 82304K, reserved 1120256K
  class space    used 9545K, capacity 10300K, committed 10624K, reserved 1048576K
}
Event: 126171.121 GC heap before
{Heap before GC invocations=15697 (full 13):
 PSYoungGen      total 54784K, used 54272K [0x000000076ad00000, 0x000000076f180000, 0x00000007c0000000)
  eden space 39424K, 100% used [0x000000076ad00000,0x000000076d380000,0x000000076d380000)
  from space 15360K, 96% used [0x000000076d380000,0x000000076e200000,0x000000076e280000)
  to   space 15360K, 0% used [0x000000076e280000,0x000000076e280000,0x000000076f180000)
 ParOldGen       total 284160K, used 184605K [0x00000006c0600000, 0x00000006d1b80000, 0x000000076ad00000)
  object space 284160K, 64% used [0x00000006c0600000,0x00000006cba477f0,0x00000006d1b80000)
 Metaspace       used 76474K, capacity 80800K, committed 82304K, reserved 1120256K
  class space    used 9545K, capacity 10300K, committed 10624K, reserved 1048576K
Event: 126171.133 GC heap after
Heap after GC invocations=15697 (full 13):
 PSYoungGen      total 54784K, used 14864K [0x000000076ad00000, 0x000000076f180000, 0x00000007c0000000)
  eden space 39424K, 0% used [0x000000076ad00000,0x000000076ad00000,0x000000076d380000)
  from space 15360K, 96% used [0x000000076e280000,0x000000076f104010,0x000000076f180000)
  to   space 15360K, 0% used [0x000000076d380000,0x000000076d380000,0x000000076e280000)
 ParOldGen       total 284160K, used 184717K [0x00000006c0600000, 0x00000006d1b80000, 0x000000076ad00000)
  object space 284160K, 65% used [0x00000006c0600000,0x00000006cba637f0,0x00000006d1b80000)
 Metaspace       used 76474K, capacity 80800K, committed 82304K, reserved 1120256K
  class space    used 9545K, capacity 10300K, committed 10624K, reserved 1048576K
}

Deoptimization events (0 events):
No events

Classes redefined (0 events):
No events

Internal exceptions (10 events):
Event: 64.150 Thread 0x00000000228e3800 Exception <a 'java/lang/ArrayIndexOutOfBoundsException'> (0x000000077a3aaf48) thrown at [C:\re\workspace\8-2-build-windows-amd64-cygwin\jdk8u202\12323\hotspot\src\share\vm\runtime\sharedRuntime.cpp, line 605]
Event: 64.151 Thread 0x00000000228e3800 Exception <a 'java/lang/ArrayIndexOutOfBoundsException'> (0x000000077a3ac5e8) thrown at [C:\re\workspace\8-2-build-windows-amd64-cygwin\jdk8u202\12323\hotspot\src\share\vm\runtime\sharedRuntime.cpp, line 605]
Event: 64.151 Thread 0x00000000228e3800 Exception <a 'java/lang/ArrayIndexOutOfBoundsException'> (0x000000077a3adbd0) thrown at [C:\re\workspace\8-2-build-windows-amd64-cygwin\jdk8u202\12323\hotspot\src\share\vm\runtime\sharedRuntime.cpp, line 605]
Event: 64.151 Thread 0x00000000228e3800 Exception <a 'java/lang/ArrayIndexOutOfBoundsException'> (0x000000077a3d3538) thrown at [C:\re\workspace\8-2-build-windows-amd64-cygwin\jdk8u202\12323\hotspot\src\share\vm\runtime\sharedRuntime.cpp, line 605]
Event: 64.151 Thread 0x00000000228e3800 Exception <a 'java/lang/ArrayIndexOutOfBoundsException'> (0x000000077a3d4590) thrown at [C:\re\workspace\8-2-build-windows-amd64-cygwin\jdk8u202\12323\hotspot\src\share\vm\runtime\sharedRuntime.cpp, line 605]
Event: 64.151 Thread 0x00000000228e3800 Exception <a 'java/lang/ArrayIndexOutOfBoundsException'> (0x000000077a3d5650) thrown at [C:\re\workspace\8-2-build-windows-amd64-cygwin\jdk8u202\12323\hotspot\src\share\vm\runtime\sharedRuntime.cpp, line 605]
Event: 64.268 Thread 0x00000000228dc800 Exception <a 'java/lang/ArrayIndexOutOfBoundsException'> (0x000000076bd98c58) thrown at [C:\re\workspace\8-2-build-windows-amd64-cygwin\jdk8u202\12323\hotspot\src\share\vm\runtime\sharedRuntime.cpp, line 605]
Event: 66.779 Thread 0x00000000228df000 Exception <a 'java/lang/ArrayIndexOutOfBoundsException'> (0x000000077409fc18) thrown at [C:\re\workspace\8-2-build-windows-amd64-cygwin\jdk8u202\12323\hotspot\src\share\vm\runtime\sharedRuntime.cpp, line 605]
Event: 68.238 Thread 0x00000000228da800 Exception <a 'java/lang/ArrayIndexOutOfBoundsException'> (0x00000007767e1e30) thrown at [C:\re\workspace\8-2-build-windows-amd64-cygwin\jdk8u202\12323\hotspot\src\share\vm\runtime\sharedRuntime.cpp, line 605]
Event: 71.604 Thread 0x00000000228e9800 Exception <a 'java/lang/ArrayIndexOutOfBoundsException'> (0x0000000779479e40) thrown at [C:\re\workspace\8-2-build-windows-amd64-cygwin\jdk8u202\12323\hotspot\src\share\vm\runtime\sharedRuntime.cpp, line 605]

Events (10 events):
Event: 126154.405 Executing VM operation: ParallelGCFailedAllocation
Event: 126154.417 Executing VM operation: ParallelGCFailedAllocation done
Event: 126159.962 Executing VM operation: ParallelGCFailedAllocation
Event: 126159.974 Executing VM operation: ParallelGCFailedAllocation done
Event: 126165.538 Executing VM operation: ParallelGCFailedAllocation
Event: 126165.549 Executing VM operation: ParallelGCFailedAllocation done
Event: 126170.157 Thread 0x0000000021ce6800 Thread added: 0x0000000021ce6800
Event: 126170.157 Thread 0x0000000021ce8800 Thread added: 0x0000000021ce8800
Event: 126171.121 Executing VM operation: ParallelGCFailedAllocation
Event: 126171.133 Executing VM operation: ParallelGCFailedAllocation done


Dynamic libraries:
0x00007ff6062c0000 - 0x00007ff6062f7000 	C:\Program Files\Java\jdk1.8.0_202\bin\java.exe
0x00007ff8c7810000 - 0x00007ff8c79fd000 	C:\Windows\SYSTEM32\ntdll.dll
0x00007ff8c7020000 - 0x00007ff8c70d3000 	C:\Windows\System32\KERNEL32.DLL
0x00007ff8c43f0000 - 0x00007ff8c4685000 	C:\Windows\System32\KERNELBASE.dll
0x00007ff8c7670000 - 0x00007ff8c7713000 	C:\Windows\System32\ADVAPI32.dll
0x00007ff8c7720000 - 0x00007ff8c77be000 	C:\Windows\System32\msvcrt.dll
0x00007ff8c70e0000 - 0x00007ff8c717e000 	C:\Windows\System32\sechost.dll
0x00007ff8c4b10000 - 0x00007ff8c4c32000 	C:\Windows\System32\RPCRT4.dll
0x00007ff8c7180000 - 0x00007ff8c7317000 	C:\Windows\System32\USER32.dll
0x00007ff8c4120000 - 0x00007ff8c4140000 	C:\Windows\System32\win32u.dll
0x00007ff8c7320000 - 0x00007ff8c7349000 	C:\Windows\System32\GDI32.dll
0x00007ff8c4760000 - 0x00007ff8c48fa000 	C:\Windows\System32\gdi32full.dll
0x00007ff8c4250000 - 0x00007ff8c42f0000 	C:\Windows\System32\msvcp_win.dll
0x00007ff8c42f0000 - 0x00007ff8c43ea000 	C:\Windows\System32\ucrtbase.dll
0x00007ff8b88f0000 - 0x00007ff8b8b69000 	C:\Windows\WinSxS\amd64_microsoft.windows.common-controls_6595b64144ccf1df_6.0.17763.1282_none_de75b6f253473c0f\COMCTL32.dll
0x00007ff8c51d0000 - 0x00007ff8c54fc000 	C:\Windows\System32\combase.dll
0x00007ff8c4690000 - 0x00007ff8c470e000 	C:\Windows\System32\bcryptPrimitives.dll
0x00007ff8c6f90000 - 0x00007ff8c6fbe000 	C:\Windows\System32\IMM32.DLL
0x000000005d830000 - 0x000000005d902000 	C:\Program Files\Java\jdk1.8.0_202\jre\bin\msvcr100.dll
0x000000005cf80000 - 0x000000005d825000 	C:\Program Files\Java\jdk1.8.0_202\jre\bin\server\jvm.dll
0x00007ff8c4d90000 - 0x00007ff8c4d98000 	C:\Windows\System32\PSAPI.DLL
0x00007ff87b860000 - 0x00007ff87b869000 	C:\Windows\SYSTEM32\WSOCK32.dll
0x00007ff8c4d20000 - 0x00007ff8c4d8d000 	C:\Windows\System32\WS2_32.dll
0x00007ff8c18e0000 - 0x00007ff8c1904000 	C:\Windows\SYSTEM32\WINMM.dll
0x00007ff8c18b0000 - 0x00007ff8c18dd000 	C:\Windows\SYSTEM32\WINMMBASE.dll
0x00007ff8c4710000 - 0x00007ff8c475a000 	C:\Windows\System32\cfgmgr32.dll
0x00007ff8bea20000 - 0x00007ff8bea2a000 	C:\Windows\SYSTEM32\VERSION.dll
0x00007ff88bd20000 - 0x00007ff88bd2f000 	C:\Program Files\Java\jdk1.8.0_202\jre\bin\verify.dll
0x00007ff88bcf0000 - 0x00007ff88bd19000 	C:\Program Files\Java\jdk1.8.0_202\jre\bin\java.dll
0x00007ff8a9520000 - 0x00007ff8a9555000 	C:\Program Files\Java\jdk1.8.0_202\jre\bin\jdwp.dll
0x00007ff8c0380000 - 0x00007ff8c0388000 	C:\Program Files\Java\jdk1.8.0_202\jre\bin\npt.dll
0x00007ff8bfbb0000 - 0x00007ff8bfbd3000 	C:\Program Files\Java\jdk1.8.0_202\jre\bin\instrument.dll
0x00007ff88bcd0000 - 0x00007ff88bce6000 	C:\Program Files\Java\jdk1.8.0_202\jre\bin\zip.dll
0x00007ff8c5a30000 - 0x00007ff8c6f28000 	C:\Windows\System32\SHELL32.dll
0x00007ff8c5120000 - 0x00007ff8c51c8000 	C:\Windows\System32\shcore.dll
0x00007ff8c39b0000 - 0x00007ff8c40ff000 	C:\Windows\System32\windows.storage.dll
0x00007ff8c3960000 - 0x00007ff8c3984000 	C:\Windows\System32\profapi.dll
0x00007ff8c3900000 - 0x00007ff8c395d000 	C:\Windows\System32\powrprof.dll
0x00007ff8c6f30000 - 0x00007ff8c6f82000 	C:\Windows\System32\shlwapi.dll
0x00007ff8c38e0000 - 0x00007ff8c38f1000 	C:\Windows\System32\kernel.appcore.dll
0x00007ff8c4100000 - 0x00007ff8c4117000 	C:\Windows\System32\cryptsp.dll
0x00007ff8bc080000 - 0x00007ff8bc089000 	C:\Program Files\Java\jdk1.8.0_202\jre\bin\dt_socket.dll
0x00007ff8c30f0000 - 0x00007ff8c3157000 	C:\Windows\system32\mswsock.dll
0x00007ff8a9620000 - 0x00007ff8a963a000 	C:\Program Files\Java\jdk1.8.0_202\jre\bin\net.dll
0x00007ff8bc570000 - 0x00007ff8bc747000 	C:\Windows\SYSTEM32\urlmon.dll
0x00007ff8bbd90000 - 0x00007ff8bc038000 	C:\Windows\SYSTEM32\iertutil.dll
0x00007ff8c3270000 - 0x00007ff8c327c000 	C:\Windows\SYSTEM32\CRYPTBASE.DLL
0x00007ff8c2e60000 - 0x00007ff8c2f27000 	C:\Windows\SYSTEM32\DNSAPI.dll
0x00007ff8c4e00000 - 0x00007ff8c4e08000 	C:\Windows\System32\NSI.dll
0x00007ff8c2e20000 - 0x00007ff8c2e5d000 	C:\Windows\SYSTEM32\IPHLPAPI.DLL
0x000000005f8d0000 - 0x000000005f905000 	C:\Program Files\Bonjour\mdnsNSP.dll
0x00007ff8b2f40000 - 0x00007ff8b2f4a000 	C:\Windows\System32\rasadhlp.dll
0x00007ff8bc160000 - 0x00007ff8bc1d9000 	C:\Windows\System32\fwpuclnt.dll
0x00007ff8c4900000 - 0x00007ff8c4926000 	C:\Windows\System32\bcrypt.dll
0x00007ff87c530000 - 0x00007ff87c53d000 	C:\Program Files\Java\jdk1.8.0_202\jre\bin\management.dll
0x00007ff8a9600000 - 0x00007ff8a9612000 	C:\Program Files\Java\jdk1.8.0_202\jre\bin\nio.dll
0x00007ff8c2c20000 - 0x00007ff8c2c53000 	C:\Windows\system32\rsaenh.dll
0x00007ff8c37d0000 - 0x00007ff8c37f8000 	C:\Windows\SYSTEM32\USERENV.dll
0x00007ff8be730000 - 0x00007ff8be746000 	C:\Windows\SYSTEM32\dhcpcsvc6.DLL
0x00007ff8bc0e0000 - 0x00007ff8bc0fc000 	C:\Windows\SYSTEM32\dhcpcsvc.DLL
0x00007ff8b0da0000 - 0x00007ff8b0db6000 	C:\Windows\system32\napinsp.dll
0x00007ff8b0d80000 - 0x00007ff8b0d9a000 	C:\Windows\system32\pnrpnsp.dll
0x00007ff8b0d70000 - 0x00007ff8b0d7e000 	C:\Windows\System32\winrnr.dll
0x00007ff8c0310000 - 0x00007ff8c032b000 	C:\Windows\system32\NLAapi.dll
0x00007ff8b0b40000 - 0x00007ff8b0b55000 	C:\Windows\system32\wshbth.dll
0x00007ff8a94f0000 - 0x00007ff8a9514000 	C:\Program Files\Java\jdk1.8.0_202\jre\bin\sunec.dll
0x00007ff8a94e0000 - 0x00007ff8a94eb000 	C:\Program Files\Java\jdk1.8.0_202\jre\bin\sunmscapi.dll
0x00007ff8c4930000 - 0x00007ff8c4b0c000 	C:\Windows\System32\CRYPT32.dll
0x00007ff8c3990000 - 0x00007ff8c39a2000 	C:\Windows\System32\MSASN1.dll
0x00007ff8b5460000 - 0x00007ff8b564d000 	C:\Windows\SYSTEM32\dbghelp.dll

VM Arguments:
jvm_args: -agentlib:jdwp=transport=dt_socket,address=127.0.0.1:59914,suspend=y,server=n -XX:TieredStopAtLevel=1 -Xverify:none -Dspring.output.ansi.enabled=always -Dcom.sun.management.jmxremote -Dspring.jmx.enabled=true -Dspring.liveBeansView.mbeanDomain -Dspring.application.admin.enabled=true -javaagent:C:\Users\dancnc\.IntelliJIdea2019.3\system\captureAgent\debugger-agent.jar -Dfile.encoding=UTF-8 
java_command: com.esiran.greenpay.GreenPayAdminApplication
java_class_path (initial): C:\Program Files\Java\jdk1.8.0_202\jre\lib\charsets.jar;C:\Program Files\Java\jdk1.8.0_202\jre\lib\deploy.jar;C:\Program Files\Java\jdk1.8.0_202\jre\lib\ext\access-bridge-64.jar;C:\Program Files\Java\jdk1.8.0_202\jre\lib\ext\cldrdata.jar;C:\Program Files\Java\jdk1.8.0_202\jre\lib\ext\dnsns.jar;C:\Program Files\Java\jdk1.8.0_202\jre\lib\ext\jaccess.jar;C:\Program Files\Java\jdk1.8.0_202\jre\lib\ext\jfxrt.jar;C:\Program Files\Java\jdk1.8.0_202\jre\lib\ext\localedata.jar;C:\Program Files\Java\jdk1.8.0_202\jre\lib\ext\nashorn.jar;C:\Program Files\Java\jdk1.8.0_202\jre\lib\ext\sunec.jar;C:\Program Files\Java\jdk1.8.0_202\jre\lib\ext\sunjce_provider.jar;C:\Program Files\Java\jdk1.8.0_202\jre\lib\ext\sunmscapi.jar;C:\Program Files\Java\jdk1.8.0_202\jre\lib\ext\sunpkcs11.jar;C:\Program Files\Java\jdk1.8.0_202\jre\lib\ext\zipfs.jar;C:\Program Files\Java\jdk1.8.0_202\jre\lib\javaws.jar;C:\Program Files\Java\jdk1.8.0_202\jre\lib\jce.jar;C:\Program Files\Java\jdk1.8.0_202\jre\lib\jfr.jar;C:\Program Files\Java\jdk1.8.0_202\jre\lib\jfxswt.jar;C:\Program Files\Java\jdk1.8.0_202\jre\lib\jsse.jar;C:\Program Files\Java\jdk1.8.0_202\jre\lib\management-agent.jar;C:\Program Files\Java\jdk1.8.0_202\jre\lib\plugin.jar;C:\Program Files\Java\jdk1.8.0_202\jre\lib\resources.jar;C:\Program Files\Java\jdk1.8.0_202\jre\lib\rt.jar;E:\EnterpriseProject\greenpay\greenpay-admin\target\classes;C:\Users\dancnc\.m2\repository\io\springfox\springfox-swagger2\2.9.2\springfox-swagger2-2.9.2.jar;C:\Users\dancnc\.m2\repository\io\swagger\swagger-annotations\1.5.20\swagger-annotations-1.5.20.jar;C:\Users\dancnc\.m2\repository\io\swagger\swagger-models\1.5.20\swagger-models-1.5.20.jar;C:\Users\dancnc\.m2\repository\com\fasterxml\jackson\core\jackson-annotations\2.10.0\jackson-annotations-2.10.0.jar;C:\Users\dancnc\.m2\repository\io\springfox\springfox-spi\2.9.2\springfox-spi-2.9.2.jar;C:\Users\dancnc\.m2\repository\io\springfox\springfox-core\2.9.2\springfox-core-2.9.2.jar;C:\User
Launcher Type: SUN_STANDARD

Environment Variables:
JAVA_HOME=C:\Program Files\Java\jdk1.8.0_202
CLASSPATH=.;C:\Program Files\Java\jdk1.8.0_202\lib;C:\Program Files\Java\jdk1.8.0_202\lib\tools.jar
PATH=C:\Program Files (x86)\Common Files\Oracle\Java\javapath;C:\Program Files (x86)\NetSarang\Xftp 6\;C:\Program Files (x86)\NetSarang\Xshell 6\;C:\Windows\system32;C:\Windows;C:\Windows\System32\Wbem;C:\Windows\System32\WindowsPowerShell\v1.0\;C:\Program Files\Redis\;C:\Program Files\dotnet\;C:\Program Files\Microsoft SQL Server\130\Tools\Binn\;C:\Windows\System32\OpenSSH\;C:\Program Files\Git\cmd;C:\Program Files\TortoiseGit\bin;C:\Users\dancnc\AppData\Local\Programs\Python\Python37;C:\Program Files\MySQL\MySQL Server 8.0\bin;C:\Program Files\Java\jdk1.8.0_202\bin;C:\Program Files\Java\jdk1.8.0_202\jre\bin;C:\Users\dancnc\AppData\Local\JetBrains\Toolbox\apps\IDEA-U\ch-0\192.6603.28\plugins\maven\lib\maven3\bin;C:\Program Files\MySQL\MySQL Shell 8.0\bin\;C:\Program Files\Java\jre1.8.0_202\bin;E:\apache-maven-3.6.3\bin;C:\Program Files\Java\jdk1.8.0_202\bin;C:\Program Files\Java\jdk1.8.0_202\bin;C:\Program Files\nodejs\;C:\Program Files\Docker\Docker\resources\bin;C:\ProgramData\DockerDesktop\version-bin;C:\Program Files\MySQL\MySQL Shell 8.0\bin\;E:\idea\IntelliJ IDEA 2019.3.3\bin;;C:\Users\dancnc\AppData\Roaming\npm
USERNAME=dancnc
OS=Windows_NT
PROCESSOR_IDENTIFIER=Intel64 Family 6 Model 58 Stepping 9, GenuineIntel



---------------  S Y S T E M  ---------------

OS: Windows 10.0 , 64 bit Build 17763 (10.0.17763.1158)

CPU:total 4 (initial active 4) (4 cores per cpu, 1 threads per core) family 6 model 58 stepping 9, cmov, cx8, fxsr, mmx, sse, sse2, sse3, ssse3, sse4.1, sse4.2, popcnt, avx, aes, clmul, erms, tsc, tscinvbit, tscinv

Memory: 4k page, physical 16745236k(9510888k free), swap 25658132k(11881252k free)

vm_info: Java HotSpot(TM) 64-Bit Server VM (25.202-b08) for windows-amd64 JRE (1.8.0_202-b08), built on Dec 15 2018 19:54:30 by "java_re" with MS VC++ 10.0 (VS2010)

time: Sun Jun 14 05:21:13 2020
timezone: 中国标准时间
elapsed time: 126174 seconds (1d 11h 2m 54s)

